Using pre-set license
Built from '2022.1/staging' branch; Version is '2022.1.16f1 (7321c9670bc2) revision 7545289'; Using compiler version '192829333'; Build Type 'Release'
OS: 'Windows 10  (10.0.19045) 64bit Professional' Language: 'en' Physical Memory: 32699 MB
BatchMode: 1, IsHumanControllingUs: 0, StartBugReporterOnCrash: 0, Is64bit: 1, IsPro: 1

COMMAND LINE ARGUMENTS:
C:\Program Files\Unity\Hub\Editor\2022.1.16f1\Editor\Unity.exe
-adb2
-batchMode
-noUpm
-name
AssetImportWorker9
-projectPath
C:/Users/1/Documents/LEGO-King-Arthur
-logFile
Logs/AssetImportWorker9.log
-srvPort
58225
Successfully changed project path to: C:/Users/1/Documents/LEGO-King-Arthur
C:/Users/1/Documents/LEGO-King-Arthur
[UnityMemory] Configuration Parameters - Can be set up in boot.config
    "memorysetup-bucket-allocator-granularity=16"
    "memorysetup-bucket-allocator-bucket-count=8"
    "memorysetup-bucket-allocator-block-size=33554432"
    "memorysetup-bucket-allocator-block-count=8"
    "memorysetup-main-allocator-block-size=16777216"
    "memorysetup-thread-allocator-block-size=16777216"
    "memorysetup-gfx-main-allocator-block-size=16777216"
    "memorysetup-gfx-thread-allocator-block-size=16777216"
    "memorysetup-cache-allocator-block-size=4194304"
    "memorysetup-typetree-allocator-block-size=2097152"
    "memorysetup-profiler-bucket-allocator-granularity=16"
    "memorysetup-profiler-bucket-allocator-bucket-count=8"
    "memorysetup-profiler-bucket-allocator-block-size=33554432"
    "memorysetup-profiler-bucket-allocator-block-count=8"
    "memorysetup-profiler-allocator-block-size=16777216"
    "memorysetup-profiler-editor-allocator-block-size=1048576"
    "memorysetup-temp-allocator-size-main=16777216"
    "memorysetup-job-temp-allocator-block-size=2097152"
    "memorysetup-job-temp-allocator-block-size-background=1048576"
    "memorysetup-job-temp-allocator-reduction-small-platforms=262144"
    "memorysetup-temp-allocator-size-background-worker=32768"
    "memorysetup-temp-allocator-size-job-worker=262144"
    "memorysetup-temp-allocator-size-preload-manager=33554432"
    "memorysetup-temp-allocator-size-nav-mesh-worker=65536"
    "memorysetup-temp-allocator-size-audio-worker=65536"
    "memorysetup-temp-allocator-size-cloud-worker=32768"
    "memorysetup-temp-allocator-size-gi-baking-worker=262144"
    "memorysetup-temp-allocator-size-gfx=262144"
Refreshing native plugins compatible for Editor in 170.88 ms, found 3 plugins.
Preloading 0 native plugins for Editor in 0.00 ms.
Initialize engine version: 2022.1.16f1 (7321c9670bc2)
[Subsystems] Discovering subsystems at path C:/Program Files/Unity/Hub/Editor/2022.1.16f1/Editor/Data/Resources/UnitySubsystems
[Subsystems] Discovering subsystems at path C:/Users/1/Documents/LEGO-King-Arthur/Assets
GfxDevice: creating device client; threaded=0; jobified=0
Direct3D:
    Version:  Direct3D 11.0 [level 11.1]
    Renderer: NVIDIA GeForce RTX 4060 (ID=0x2882)
    Vendor:   NVIDIA
    VRAM:     7971 MB
    Driver:   31.0.15.3758
Initialize mono
Mono path[0] = 'C:/Program Files/Unity/Hub/Editor/2022.1.16f1/Editor/Data/Managed'
Mono path[1] = 'C:/Program Files/Unity/Hub/Editor/2022.1.16f1/Editor/Data/MonoBleedingEdge/lib/mono/unityjit-win32'
Mono config path = 'C:/Program Files/Unity/Hub/Editor/2022.1.16f1/Editor/Data/MonoBleedingEdge/etc'
Using monoOptions --debugger-agent=transport=dt_socket,embedding=1,server=y,suspend=n,address=127.0.0.1:56556
Begin MonoManager ReloadAssembly
Registering precompiled unity dll's ...
Register platform support module: C:/Program Files/Unity/Hub/Editor/2022.1.16f1/Editor/Data/PlaybackEngines/WindowsStandaloneSupport/UnityEditor.WindowsStandalone.Extensions.dll
Registered in 0.011041 seconds.
Native extension for WindowsStandalone target not found
Refreshing native plugins compatible for Editor in 156.31 ms, found 3 plugins.
Preloading 0 native plugins for Editor in 0.00 ms.
Mono: successfully reloaded assembly
- Completed reload, in  0.833 seconds
Domain Reload Profiling:
	ReloadAssembly (834ms)
		BeginReloadAssembly (90ms)
			ExecutionOrderSort (0ms)
			DisableScriptedObjects (0ms)
			BackupInstance (0ms)
			ReleaseScriptingObjects (0ms)
			CreateAndSetChildDomain (1ms)
		EndReloadAssembly (605ms)
			LoadAssemblies (86ms)
			RebuildTransferFunctionScriptingTraits (0ms)
			SetupTypeCache (142ms)
				TypeCache.Initialize (142ms)
					TypeCache.ScanAssembly (140ms)
				ResolveRequiredComponents (1ms)
			ReleaseScriptCaches (0ms)
			RebuildScriptCaches (31ms)
			SetupLoadedEditorAssemblies (365ms)
				LogAssemblyErrors (0ms)
				InitializePlatformSupportModulesInManaged (11ms)
				SetLoadedEditorAssemblies (8ms)
				RefreshPlugins (156ms)
				BeforeProcessingInitializeOnLoad (1ms)
				ProcessInitializeOnLoadAttributes (138ms)
				ProcessInitializeOnLoadMethodAttributes (51ms)
				AfterProcessingInitializeOnLoad (0ms)
				EditorAssembliesLoaded (0ms)
			ExecutionOrderSort2 (0ms)
			AwakeInstancesAfterBackupRestoration (0ms)
Platform modules already initialized, skipping
Registering precompiled user dll's ...
Registered in 0.013420 seconds.
Begin MonoManager ReloadAssembly
Symbol file LoadedFromMemory doesn't match image C:\Users\1\Documents\LEGO-King-Arthur\Library\PackageCache\com.unity.visualscripting@1.7.8\Editor\VisualScripting.Core\Dependencies\YamlDotNet\Unity.VisualScripting.YamlDotNet.dll
Symbol file LoadedFromMemory doesn't match image C:\Users\1\Documents\LEGO-King-Arthur\Library\PackageCache\com.unity.visualscripting@1.7.8\Editor\VisualScripting.Core\Dependencies\DotNetZip\Unity.VisualScripting.IonicZip.dll
Native extension for WindowsStandalone target not found
Refreshing native plugins compatible for Editor in 132.41 ms, found 3 plugins.
Preloading 0 native plugins for Editor in 0.00 ms.
Mono: successfully reloaded assembly
- Completed reload, in  1.445 seconds
Domain Reload Profiling:
	ReloadAssembly (1446ms)
		BeginReloadAssembly (115ms)
			ExecutionOrderSort (0ms)
			DisableScriptedObjects (5ms)
			BackupInstance (0ms)
			ReleaseScriptingObjects (0ms)
			CreateAndSetChildDomain (20ms)
		EndReloadAssembly (1216ms)
			LoadAssemblies (100ms)
			RebuildTransferFunctionScriptingTraits (0ms)
			SetupTypeCache (310ms)
				TypeCache.Initialize (297ms)
					TypeCache.ScanAssembly (293ms)
				ResolveRequiredComponents (13ms)
			ReleaseScriptCaches (1ms)
			RebuildScriptCaches (86ms)
			SetupLoadedEditorAssemblies (672ms)
				LogAssemblyErrors (0ms)
				InitializePlatformSupportModulesInManaged (5ms)
				SetLoadedEditorAssemblies (5ms)
				RefreshPlugins (132ms)
				BeforeProcessingInitializeOnLoad (136ms)
				ProcessInitializeOnLoadAttributes (308ms)
				ProcessInitializeOnLoadMethodAttributes (75ms)
				AfterProcessingInitializeOnLoad (10ms)
				EditorAssembliesLoaded (0ms)
			ExecutionOrderSort2 (0ms)
			AwakeInstancesAfterBackupRestoration (6ms)
Platform modules already initialized, skipping
========================================================================
Worker process is ready to serve import requests
Launched and connected shader compiler UnityShaderCompiler.exe after 0.05 seconds
Refreshing native plugins compatible for Editor in 1.92 ms, found 3 plugins.
Preloading 0 native plugins for Editor in 0.00 ms.
Unloading 5856 Unused Serialized files (Serialized files now loaded: 0)
Unloading 47 unused Assets / (420.6 KB). Loaded Objects now: 6310.
Memory consumption went from 0.91 GB to 0.91 GB.
Total: 3.868300 ms (FindLiveObjects: 0.567500 ms CreateObjectMapping: 0.140200 ms MarkObjects: 2.981200 ms  DeleteObjects: 0.178600 ms)

AssetImportParameters requested are different than current active one (requested -> active):
  custom:video-decoder-ogg-theora: a1e56fd34408186e4bbccfd4996cb3dc -> 
  custom:container-muxer-webm: aa71ff27fc2769a1b78a27578f13a17b -> 
  custom:container-demuxer-webm: 4f35f7cbe854078d1ac9338744f61a02 -> 
  custom:video-encoder-webm-vp8: eb34c28f22e8b96e1ab97ce403110664 -> 
  custom:video-codec-MediaFoundation-h265: e54d7ab0439102e2317fc1e4b246158d -> 
  custom:audio-encoder-webm-vorbis: bf7c407c2cedff20999df2af8eb42d56 -> 
  custom:framework-win-MediaFoundation: 216162199b28c13a410421893ffa2e32 -> 
  custom:container-demuxer-ogg: 62fdf1f143b41e24485cea50d1cbac27 -> 
  custom:video-decoder-webm-vp8: 9c59270c3fd7afecdb556c50c9e8de78 -> 
  custom:audio-decoder-ogg-vorbis: bf7c407c2cedff20999df2af8eb42d56 -> 
========================================================================
Received Prepare
Registering precompiled user dll's ...
Registered in 0.009210 seconds.
Begin MonoManager ReloadAssembly
Symbol file LoadedFromMemory doesn't match image C:\Users\1\Documents\LEGO-King-Arthur\Library\PackageCache\com.unity.visualscripting@1.7.8\Editor\VisualScripting.Core\Dependencies\YamlDotNet\Unity.VisualScripting.YamlDotNet.dll
Symbol file LoadedFromMemory doesn't match image C:\Users\1\Documents\LEGO-King-Arthur\Library\PackageCache\com.unity.visualscripting@1.7.8\Editor\VisualScripting.Core\Dependencies\DotNetZip\Unity.VisualScripting.IonicZip.dll
Native extension for WindowsStandalone target not found
Refreshing native plugins compatible for Editor in 2.10 ms, found 3 plugins.
Preloading 0 native plugins for Editor in 0.00 ms.
Mono: successfully reloaded assembly
- Completed reload, in  1.245 seconds
Domain Reload Profiling:
	ReloadAssembly (1246ms)
		BeginReloadAssembly (139ms)
			ExecutionOrderSort (0ms)
			DisableScriptedObjects (4ms)
			BackupInstance (0ms)
			ReleaseScriptingObjects (0ms)
			CreateAndSetChildDomain (42ms)
		EndReloadAssembly (1006ms)
			LoadAssemblies (99ms)
			RebuildTransferFunctionScriptingTraits (0ms)
			SetupTypeCache (307ms)
				TypeCache.Initialize (292ms)
					TypeCache.ScanAssembly (285ms)
				ResolveRequiredComponents (15ms)
			ReleaseScriptCaches (2ms)
			RebuildScriptCaches (48ms)
			SetupLoadedEditorAssemblies (486ms)
				LogAssemblyErrors (0ms)
				InitializePlatformSupportModulesInManaged (13ms)
				SetLoadedEditorAssemblies (7ms)
				RefreshPlugins (2ms)
				BeforeProcessingInitializeOnLoad (107ms)
				ProcessInitializeOnLoadAttributes (274ms)
				ProcessInitializeOnLoadMethodAttributes (73ms)
				AfterProcessingInitializeOnLoad (9ms)
				EditorAssembliesLoaded (0ms)
			ExecutionOrderSort2 (0ms)
			AwakeInstancesAfterBackupRestoration (8ms)
Platform modules already initialized, skipping
Refreshing native plugins compatible for Editor in 3.07 ms, found 3 plugins.
Preloading 0 native plugins for Editor in 0.00 ms.
Unloading 5718 Unused Serialized files (Serialized files now loaded: 0)
Unloading 28 unused Assets / (380.5 KB). Loaded Objects now: 6326.
Memory consumption went from 0.88 GB to 0.88 GB.
Total: 3.895200 ms (FindLiveObjects: 0.500600 ms CreateObjectMapping: 0.130000 ms MarkObjects: 3.143600 ms  DeleteObjects: 0.119800 ms)

AssetImportParameters requested are different than current active one (requested -> active):
  custom:video-decoder-ogg-theora: a1e56fd34408186e4bbccfd4996cb3dc -> 
  custom:container-muxer-webm: aa71ff27fc2769a1b78a27578f13a17b -> 
  custom:container-demuxer-webm: 4f35f7cbe854078d1ac9338744f61a02 -> 
  custom:video-encoder-webm-vp8: eb34c28f22e8b96e1ab97ce403110664 -> 
  custom:video-codec-MediaFoundation-h265: e54d7ab0439102e2317fc1e4b246158d -> 
  custom:audio-encoder-webm-vorbis: bf7c407c2cedff20999df2af8eb42d56 -> 
  custom:framework-win-MediaFoundation: 216162199b28c13a410421893ffa2e32 -> 
  custom:container-demuxer-ogg: 62fdf1f143b41e24485cea50d1cbac27 -> 
  custom:video-decoder-webm-vp8: 9c59270c3fd7afecdb556c50c9e8de78 -> 
  custom:audio-decoder-ogg-vorbis: bf7c407c2cedff20999df2af8eb42d56 -> 
========================================================================
Received Prepare
Registering precompiled user dll's ...
Registered in 0.009046 seconds.
Begin MonoManager ReloadAssembly
Symbol file LoadedFromMemory doesn't match image C:\Users\1\Documents\LEGO-King-Arthur\Library\PackageCache\com.unity.visualscripting@1.7.8\Editor\VisualScripting.Core\Dependencies\YamlDotNet\Unity.VisualScripting.YamlDotNet.dll
Symbol file LoadedFromMemory doesn't match image C:\Users\1\Documents\LEGO-King-Arthur\Library\PackageCache\com.unity.visualscripting@1.7.8\Editor\VisualScripting.Core\Dependencies\DotNetZip\Unity.VisualScripting.IonicZip.dll
Native extension for WindowsStandalone target not found
Refreshing native plugins compatible for Editor in 1.47 ms, found 3 plugins.
Preloading 0 native plugins for Editor in 0.00 ms.
Mono: successfully reloaded assembly
- Completed reload, in  1.257 seconds
Domain Reload Profiling:
	ReloadAssembly (1257ms)
		BeginReloadAssembly (146ms)
			ExecutionOrderSort (0ms)
			DisableScriptedObjects (3ms)
			BackupInstance (0ms)
			ReleaseScriptingObjects (0ms)
			CreateAndSetChildDomain (44ms)
		EndReloadAssembly (999ms)
			LoadAssemblies (102ms)
			RebuildTransferFunctionScriptingTraits (0ms)
			SetupTypeCache (304ms)
				TypeCache.Initialize (292ms)
					TypeCache.ScanAssembly (285ms)
				ResolveRequiredComponents (12ms)
			ReleaseScriptCaches (2ms)
			RebuildScriptCaches (49ms)
			SetupLoadedEditorAssemblies (496ms)
				LogAssemblyErrors (0ms)
				InitializePlatformSupportModulesInManaged (13ms)
				SetLoadedEditorAssemblies (5ms)
				RefreshPlugins (2ms)
				BeforeProcessingInitializeOnLoad (111ms)
				ProcessInitializeOnLoadAttributes (281ms)
				ProcessInitializeOnLoadMethodAttributes (74ms)
				AfterProcessingInitializeOnLoad (10ms)
				EditorAssembliesLoaded (0ms)
			ExecutionOrderSort2 (0ms)
			AwakeInstancesAfterBackupRestoration (7ms)
Platform modules already initialized, skipping
Refreshing native plugins compatible for Editor in 4.03 ms, found 3 plugins.
Preloading 0 native plugins for Editor in 0.00 ms.
Unloading 5718 Unused Serialized files (Serialized files now loaded: 0)
Unloading 28 unused Assets / (380.6 KB). Loaded Objects now: 6342.
Memory consumption went from 0.88 GB to 0.88 GB.
Total: 3.593100 ms (FindLiveObjects: 0.530300 ms CreateObjectMapping: 0.135400 ms MarkObjects: 2.828800 ms  DeleteObjects: 0.097900 ms)

AssetImportParameters requested are different than current active one (requested -> active):
  custom:video-decoder-ogg-theora: a1e56fd34408186e4bbccfd4996cb3dc -> 
  custom:container-muxer-webm: aa71ff27fc2769a1b78a27578f13a17b -> 
  custom:container-demuxer-webm: 4f35f7cbe854078d1ac9338744f61a02 -> 
  custom:video-encoder-webm-vp8: eb34c28f22e8b96e1ab97ce403110664 -> 
  custom:video-codec-MediaFoundation-h265: e54d7ab0439102e2317fc1e4b246158d -> 
  custom:audio-encoder-webm-vorbis: bf7c407c2cedff20999df2af8eb42d56 -> 
  custom:framework-win-MediaFoundation: 216162199b28c13a410421893ffa2e32 -> 
  custom:container-demuxer-ogg: 62fdf1f143b41e24485cea50d1cbac27 -> 
  custom:video-decoder-webm-vp8: 9c59270c3fd7afecdb556c50c9e8de78 -> 
  custom:audio-decoder-ogg-vorbis: bf7c407c2cedff20999df2af8eb42d56 -> 
========================================================================
Received Import Request.
  Time since last request: 37819.205000 seconds.
  path: Assets/LEGO/Audio/LEGO Behaviour Bricks/Hazard - Poison.ogg
  artifactKey: Guid(0d1868b0fe702453aad8d4deb4868591) Importer(815301076,1909f56bfc062723c751e8b465ee728b)
Start importing Assets/LEGO/Audio/LEGO Behaviour Bricks/Hazard - Poison.ogg using Guid(0d1868b0fe702453aad8d4deb4868591) Importer(815301076,1909f56bfc062723c751e8b465ee728b)  -> (artifact id: 'ff725052f04e77a144c1f1353eb2524a') in 0.131166 seconds 
========================================================================
Received Import Request.
  Time since last request: 0.000035 seconds.
  path: Assets/LEGO/Audio/LEGO Behaviour Bricks/Music - Disco.ogg
  artifactKey: Guid(a102381d6ff9a49d78d2764a0d5e490c) Importer(815301076,1909f56bfc062723c751e8b465ee728b)
Start importing Assets/LEGO/Audio/LEGO Behaviour Bricks/Music - Disco.ogg using Guid(a102381d6ff9a49d78d2764a0d5e490c) Importer(815301076,1909f56bfc062723c751e8b465ee728b)  -> (artifact id: '61b489e376266db4fbd44bcfe2cd262d') in 0.019666 seconds 
========================================================================
Received Import Request.
  Time since last request: 0.000033 seconds.
  path: Assets/LEGO/Audio/LEGO Behaviour Bricks/Pickup - Pop.ogg
  artifactKey: Guid(4328b7ace71144badaead3d6038f6802) Importer(815301076,1909f56bfc062723c751e8b465ee728b)
Start importing Assets/LEGO/Audio/LEGO Behaviour Bricks/Pickup - Pop.ogg using Guid(4328b7ace71144badaead3d6038f6802) Importer(815301076,1909f56bfc062723c751e8b465ee728b)  -> (artifact id: '8bd58fab21eb56d255f1bd7fe4ff2e5a') in 0.019429 seconds 
========================================================================
Received Import Request.
  Time since last request: 0.000026 seconds.
  path: Assets/LEGO/Audio/LEGO Behaviour Bricks/Shoot - Laser.ogg
  artifactKey: Guid(61aecc547fc5d438bbd4aa3ad5ca07a6) Importer(815301076,1909f56bfc062723c751e8b465ee728b)
Start importing Assets/LEGO/Audio/LEGO Behaviour Bricks/Shoot - Laser.ogg using Guid(61aecc547fc5d438bbd4aa3ad5ca07a6) Importer(815301076,1909f56bfc062723c751e8b465ee728b)  -> (artifact id: 'ffe71aad3432e5960f4f41783764c422') in 0.018700 seconds 
========================================================================
Received Import Request.
  Time since last request: 0.000056 seconds.
  path: Assets/LEGO/Audio/LEGO Behaviour Bricks/Platform - Sci-Fi.ogg
  artifactKey: Guid(29b351267e7df44c683ecdcca81d6100) Importer(815301076,1909f56bfc062723c751e8b465ee728b)
Start importing Assets/LEGO/Audio/LEGO Behaviour Bricks/Platform - Sci-Fi.ogg using Guid(29b351267e7df44c683ecdcca81d6100) Importer(815301076,1909f56bfc062723c751e8b465ee728b)  -> (artifact id: '776e3125b7981df6196c3beacccd8e78') in 0.018875 seconds 
========================================================================
Received Import Request.
  Time since last request: 0.000051 seconds.
  path: Assets/LEGO/Audio/LEGO Behaviour Bricks/Win - And The Crowd Goes Nuts.ogg
  artifactKey: Guid(b8b74a9f3dec04fd9b4dc0c90e528490) Importer(815301076,1909f56bfc062723c751e8b465ee728b)
Start importing Assets/LEGO/Audio/LEGO Behaviour Bricks/Win - And The Crowd Goes Nuts.ogg using Guid(b8b74a9f3dec04fd9b4dc0c90e528490) Importer(815301076,1909f56bfc062723c751e8b465ee728b)  -> (artifact id: '845d6cc21438d4017afb615bf0970a49') in 0.019574 seconds 
========================================================================
Received Import Request.
  Time since last request: 0.000032 seconds.
  path: Assets/LEGO/Audio/LEGO Behaviour Bricks/Platform - Metal Long.ogg
  artifactKey: Guid(e711c80304bdf4d3ab7cdb4d9b2b2323) Importer(815301076,1909f56bfc062723c751e8b465ee728b)
Start importing Assets/LEGO/Audio/LEGO Behaviour Bricks/Platform - Metal Long.ogg using Guid(e711c80304bdf4d3ab7cdb4d9b2b2323) Importer(815301076,1909f56bfc062723c751e8b465ee728b)  -> (artifact id: 'f739c63ef6b6c25681f37036b3188d6b') in 0.021221 seconds 
========================================================================
Received Import Request.
  Time since last request: 0.000028 seconds.
  path: Assets/LEGO/Audio/LEGO Behaviour Bricks/Platform - Metal Short.ogg
  artifactKey: Guid(2f026c63bc9a44c9593519d2e54f774f) Importer(815301076,1909f56bfc062723c751e8b465ee728b)
Start importing Assets/LEGO/Audio/LEGO Behaviour Bricks/Platform - Metal Short.ogg using Guid(2f026c63bc9a44c9593519d2e54f774f) Importer(815301076,1909f56bfc062723c751e8b465ee728b)  -> (artifact id: '49fe06686d0c6abfeccced4b7b629931') in 0.016690 seconds 
========================================================================
Received Import Request.
  Time since last request: 0.000035 seconds.
  path: Assets/LEGO/Audio/LEGO Behaviour Bricks/Lose - Horn.ogg
  artifactKey: Guid(7923eaff9f888420783fc6ac990c10d3) Importer(815301076,1909f56bfc062723c751e8b465ee728b)
Start importing Assets/LEGO/Audio/LEGO Behaviour Bricks/Lose - Horn.ogg using Guid(7923eaff9f888420783fc6ac990c10d3) Importer(815301076,1909f56bfc062723c751e8b465ee728b)  -> (artifact id: '3061b45b71d77fe5da6a5cd8aca29fc1') in 0.016951 seconds 
========================================================================
Received Import Request.
  Time since last request: 0.000029 seconds.
  path: Assets/LEGO/Audio/LEGO Behaviour Bricks/Shoot - Arrow.ogg
  artifactKey: Guid(02038545279264e56b25252906f1635a) Importer(815301076,1909f56bfc062723c751e8b465ee728b)
Start importing Assets/LEGO/Audio/LEGO Behaviour Bricks/Shoot - Arrow.ogg using Guid(02038545279264e56b25252906f1635a) Importer(815301076,1909f56bfc062723c751e8b465ee728b)  -> (artifact id: '9f9c5c0d92880e3913c0328394e58f0a') in 0.015273 seconds 
========================================================================
Received Import Request.
  Time since last request: 0.000027 seconds.
  path: Assets/LEGO/Audio/LEGO Behaviour Bricks/Music - Funky Beat.ogg
  artifactKey: Guid(b5e5e9402b815434ea501cb57abf7935) Importer(815301076,1909f56bfc062723c751e8b465ee728b)
Start importing Assets/LEGO/Audio/LEGO Behaviour Bricks/Music - Funky Beat.ogg using Guid(b5e5e9402b815434ea501cb57abf7935) Importer(815301076,1909f56bfc062723c751e8b465ee728b)  -> (artifact id: 'feff84cb832f58cce002d14d39a57d03') in 0.014493 seconds 
========================================================================
Received Import Request.
  Time since last request: 0.000028 seconds.
  path: Assets/LEGO/Audio/LEGO Behaviour Bricks/Win - Wuhuuu.ogg
  artifactKey: Guid(fa48be10d21504b7a88460b3312e6e08) Importer(815301076,1909f56bfc062723c751e8b465ee728b)
Start importing Assets/LEGO/Audio/LEGO Behaviour Bricks/Win - Wuhuuu.ogg using Guid(fa48be10d21504b7a88460b3312e6e08) Importer(815301076,1909f56bfc062723c751e8b465ee728b)  -> (artifact id: '567bc527a2bf034a95e6ef27f5055508') in 0.018314 seconds 
========================================================================
Received Import Request.
  Time since last request: 0.000024 seconds.
  path: Assets/LEGO/Audio/LEGO Behaviour Bricks/Shoot - Banana.ogg
  artifactKey: Guid(990463f92f00248b09c640c2fefed602) Importer(815301076,1909f56bfc062723c751e8b465ee728b)
Start importing Assets/LEGO/Audio/LEGO Behaviour Bricks/Shoot - Banana.ogg using Guid(990463f92f00248b09c640c2fefed602) Importer(815301076,1909f56bfc062723c751e8b465ee728b)  -> (artifact id: '8e533d5d3d7210e7be32742adba09660') in 0.017307 seconds 
========================================================================
Received Import Request.
  Time since last request: 0.000053 seconds.
  path: Assets/LEGO/Audio/LEGO Behaviour Bricks/Win - Wahahaa.ogg
  artifactKey: Guid(9fccdaa6734c5494eb35e6f0ccd725a6) Importer(815301076,1909f56bfc062723c751e8b465ee728b)
Start importing Assets/LEGO/Audio/LEGO Behaviour Bricks/Win - Wahahaa.ogg using Guid(9fccdaa6734c5494eb35e6f0ccd725a6) Importer(815301076,1909f56bfc062723c751e8b465ee728b)  -> (artifact id: '9c71ad00df640adab0c5235eaed59bf7') in 0.015069 seconds 
========================================================================
Received Import Request.
  Time since last request: 0.000021 seconds.
  path: Assets/LEGO/Audio/LEGO Behaviour Bricks/Win - Turkey Dinner.ogg
  artifactKey: Guid(a6513d763294b4d24a39e405d131bbde) Importer(815301076,1909f56bfc062723c751e8b465ee728b)
Start importing Assets/LEGO/Audio/LEGO Behaviour Bricks/Win - Turkey Dinner.ogg using Guid(a6513d763294b4d24a39e405d131bbde) Importer(815301076,1909f56bfc062723c751e8b465ee728b)  -> (artifact id: '88a652efcf23db486b3ef68f803c61bf') in 0.014077 seconds 
========================================================================
Received Import Request.
  Time since last request: 20.704001 seconds.
  path: Assets/LEGO/Audio/Player/Jump.ogg
  artifactKey: Guid(542490ca55814441981ef88f5d1f2dc6) Importer(815301076,1909f56bfc062723c751e8b465ee728b)
Start importing Assets/LEGO/Audio/Player/Jump.ogg using Guid(542490ca55814441981ef88f5d1f2dc6) Importer(815301076,1909f56bfc062723c751e8b465ee728b)  -> (artifact id: '04804c6e325a3c75a80209579f6830ee') in 0.020604 seconds 
========================================================================
Received Import Request.
  Time since last request: 0.000054 seconds.
  path: Assets/LEGO/Audio/Player/Step01.ogg
  artifactKey: Guid(39948ec2175e749819ecd850a1d0e5af) Importer(815301076,1909f56bfc062723c751e8b465ee728b)
Start importing Assets/LEGO/Audio/Player/Step01.ogg using Guid(39948ec2175e749819ecd850a1d0e5af) Importer(815301076,1909f56bfc062723c751e8b465ee728b)  -> (artifact id: '42fed685282efb1d50f69b80788dcfce') in 0.018199 seconds 
========================================================================
Received Import Request.
  Time since last request: 0.000029 seconds.
  path: Assets/LEGO/Audio/Player/Step04.ogg
  artifactKey: Guid(2a988a8f5a6ac4c5a9084b2a952daa59) Importer(815301076,1909f56bfc062723c751e8b465ee728b)
Start importing Assets/LEGO/Audio/Player/Step04.ogg using Guid(2a988a8f5a6ac4c5a9084b2a952daa59) Importer(815301076,1909f56bfc062723c751e8b465ee728b)  -> (artifact id: '870dff45edbd596b4039a64abb470696') in 0.018885 seconds 
========================================================================
Received Import Request.
  Time since last request: 0.382093 seconds.
  path: Assets/LEGO/Audio/LEGO Behaviour Bricks/Alive - Critter.ogg
  artifactKey: Guid(e4e105a988a4047bfa9eb7a4e57187a3) Importer(815301076,1909f56bfc062723c751e8b465ee728b)
Start importing Assets/LEGO/Audio/LEGO Behaviour Bricks/Alive - Critter.ogg using Guid(e4e105a988a4047bfa9eb7a4e57187a3) Importer(815301076,1909f56bfc062723c751e8b465ee728b)  -> (artifact id: 'ecc4e2a48e8eb010f4495bda2ff983ae') in 0.018340 seconds 
========================================================================
Received Import Request.
  Time since last request: 0.000041 seconds.
  path: Assets/LEGO/Audio/LEGO Behaviour Bricks/Ambience - Crickets.ogg
  artifactKey: Guid(638a435d00b304b3bbd17ad4d53c4d5a) Importer(815301076,1909f56bfc062723c751e8b465ee728b)
Start importing Assets/LEGO/Audio/LEGO Behaviour Bricks/Ambience - Crickets.ogg using Guid(638a435d00b304b3bbd17ad4d53c4d5a) Importer(815301076,1909f56bfc062723c751e8b465ee728b)  -> (artifact id: '71588b1f236907031270e423992dcc98') in 0.015367 seconds 
========================================================================
Received Import Request.
  Time since last request: 0.000026 seconds.
  path: Assets/LEGO/Audio/LEGO Behaviour Bricks/Alive - Robotto.ogg
  artifactKey: Guid(e514d32234bf04b3c8b47a3d83131193) Importer(815301076,1909f56bfc062723c751e8b465ee728b)
Start importing Assets/LEGO/Audio/LEGO Behaviour Bricks/Alive - Robotto.ogg using Guid(e514d32234bf04b3c8b47a3d83131193) Importer(815301076,1909f56bfc062723c751e8b465ee728b)  -> (artifact id: '5af06a7e19dec05d80871513214a8450') in 0.020035 seconds 
========================================================================
Received Import Request.
  Time since last request: 0.000025 seconds.
  path: Assets/LEGO/Audio/LEGO Behaviour Bricks/Ambience - Birds.ogg
  artifactKey: Guid(cf6f385d3988c43429f6e920e9025e53) Importer(815301076,1909f56bfc062723c751e8b465ee728b)
Start importing Assets/LEGO/Audio/LEGO Behaviour Bricks/Ambience - Birds.ogg using Guid(cf6f385d3988c43429f6e920e9025e53) Importer(815301076,1909f56bfc062723c751e8b465ee728b)  -> (artifact id: 'c9d973ef14d26a989e969c5030324046') in 0.024623 seconds 
========================================================================
Received Import Request.
  Time since last request: 0.000028 seconds.
  path: Assets/LEGO/Audio/LEGO Behaviour Bricks/Explode - Large.ogg
  artifactKey: Guid(d70e96c66975a4723a2a230c42ce2ca2) Importer(815301076,1909f56bfc062723c751e8b465ee728b)
Start importing Assets/LEGO/Audio/LEGO Behaviour Bricks/Explode - Large.ogg using Guid(d70e96c66975a4723a2a230c42ce2ca2) Importer(815301076,1909f56bfc062723c751e8b465ee728b)  -> (artifact id: '05d7c075b98e7ffff3c1b74ce51d904c') in 0.021554 seconds 
Editor requested this worker to shutdown with reason: Scaling down because of idle timeout
AssetImportWorker is now disconnected from the server
Process exiting
Exiting without the bug reporter. Application will terminate with return code 0