Using pre-set license
Built from '2022.1/staging' branch; Version is '2022.1.16f1 (7321c9670bc2) revision 7545289'; Using compiler version '192829333'; Build Type 'Release'
OS: 'Windows 10  (10.0.19045) 64bit Education' Language: 'en' Physical Memory: 16319 MB
BatchMode: 1, IsHumanControllingUs: 0, StartBugReporterOnCrash: 0, Is64bit: 1, IsPro: 1

COMMAND LINE ARGUMENTS:
C:\Program Files\Unity\Hub\Editor\2022.1.16f1\Editor\Unity.exe
-adb2
-batchMode
-noUpm
-name
AssetImportWorker1
-projectPath
C:/Users/530008/OneDrive - eastsussexcollegegroup/Documents/New folder
-logFile
Logs/AssetImportWorker1.log
-srvPort
63596
Successfully changed project path to: C:/Users/530008/OneDrive - eastsussexcollegegroup/Documents/New folder
C:/Users/530008/OneDrive - eastsussexcollegegroup/Documents/New folder
[UnityMemory] Configuration Parameters - Can be set up in boot.config
    "memorysetup-bucket-allocator-granularity=16"
    "memorysetup-bucket-allocator-bucket-count=8"
    "memorysetup-bucket-allocator-block-size=33554432"
    "memorysetup-bucket-allocator-block-count=8"
    "memorysetup-main-allocator-block-size=16777216"
    "memorysetup-thread-allocator-block-size=16777216"
    "memorysetup-gfx-main-allocator-block-size=16777216"
    "memorysetup-gfx-thread-allocator-block-size=16777216"
    "memorysetup-cache-allocator-block-size=4194304"
    "memorysetup-typetree-allocator-block-size=2097152"
    "memorysetup-profiler-bucket-allocator-granularity=16"
    "memorysetup-profiler-bucket-allocator-bucket-count=8"
    "memorysetup-profiler-bucket-allocator-block-size=33554432"
    "memorysetup-profiler-bucket-allocator-block-count=8"
    "memorysetup-profiler-allocator-block-size=16777216"
    "memorysetup-profiler-editor-allocator-block-size=1048576"
    "memorysetup-temp-allocator-size-main=16777216"
    "memorysetup-job-temp-allocator-block-size=2097152"
    "memorysetup-job-temp-allocator-block-size-background=1048576"
    "memorysetup-job-temp-allocator-reduction-small-platforms=262144"
    "memorysetup-temp-allocator-size-background-worker=32768"
    "memorysetup-temp-allocator-size-job-worker=262144"
    "memorysetup-temp-allocator-size-preload-manager=33554432"
    "memorysetup-temp-allocator-size-nav-mesh-worker=65536"
    "memorysetup-temp-allocator-size-audio-worker=65536"
    "memorysetup-temp-allocator-size-cloud-worker=32768"
    "memorysetup-temp-allocator-size-gi-baking-worker=262144"
    "memorysetup-temp-allocator-size-gfx=262144"
Refreshing native plugins compatible for Editor in 590.63 ms, found 3 plugins.
Preloading 0 native plugins for Editor in 0.00 ms.
Initialize engine version: 2022.1.16f1 (7321c9670bc2)
[Subsystems] Discovering subsystems at path C:/Program Files/Unity/Hub/Editor/2022.1.16f1/Editor/Data/Resources/UnitySubsystems
[Subsystems] Discovering subsystems at path C:/Users/530008/OneDrive - eastsussexcollegegroup/Documents/New folder/Assets
GfxDevice: creating device client; threaded=0; jobified=0
Direct3D:
    Version:  Direct3D 11.0 [level 11.1]
    Renderer: NVIDIA GeForce GTX 1650 (ID=0x1f82)
    Vendor:   NVIDIA
    VRAM:     3949 MB
    Driver:   31.0.15.3623
Initialize mono
Mono path[0] = 'C:/Program Files/Unity/Hub/Editor/2022.1.16f1/Editor/Data/Managed'
Mono path[1] = 'C:/Program Files/Unity/Hub/Editor/2022.1.16f1/Editor/Data/MonoBleedingEdge/lib/mono/unityjit-win32'
Mono config path = 'C:/Program Files/Unity/Hub/Editor/2022.1.16f1/Editor/Data/MonoBleedingEdge/etc'
Using monoOptions --debugger-agent=transport=dt_socket,embedding=1,server=y,suspend=n,address=127.0.0.1:56236
Begin MonoManager ReloadAssembly
Registering precompiled unity dll's ...
Register platform support module: C:/Program Files/Unity/Hub/Editor/2022.1.16f1/Editor/Data/PlaybackEngines/WebGLSupport/UnityEditor.WebGL.Extensions.dll
Register platform support module: C:/Program Files/Unity/Hub/Editor/2022.1.16f1/Editor/Data/PlaybackEngines/MacStandaloneSupport/UnityEditor.OSXStandalone.Extensions.dll
Register platform support module: C:/Program Files/Unity/Hub/Editor/2022.1.16f1/Editor/Data/PlaybackEngines/AndroidPlayer/UnityEditor.Android.Extensions.dll
Register platform support module: C:/Program Files/Unity/Hub/Editor/2022.1.16f1/Editor/Data/PlaybackEngines/iOSSupport/UnityEditor.iOS.Extensions.dll
Register platform support module: C:/Program Files/Unity/Hub/Editor/2022.1.16f1/Editor/Data/PlaybackEngines/AppleTVSupport/UnityEditor.AppleTV.Extensions.dll
Register platform support module: C:/Program Files/Unity/Hub/Editor/2022.1.16f1/Editor/Data/PlaybackEngines/WindowsStandaloneSupport/UnityEditor.WindowsStandalone.Extensions.dll
Register platform support module: C:/Program Files/Unity/Hub/Editor/2022.1.16f1/Editor/Data/PlaybackEngines/LinuxStandaloneSupport/UnityEditor.LinuxStandalone.Extensions.dll
Register platform support module: C:/Program Files/Unity/Hub/Editor/2022.1.16f1/Editor/Data/PlaybackEngines/MetroSupport/UnityEditor.UWP.Extensions.dll
Registered in 0.823273 seconds.
Native extension for UWP target not found
Native extension for LinuxStandalone target not found
Native extension for WindowsStandalone target not found
[usbmuxd] Start listen thread
[usbmuxd] Listen thread started
Native extension for AppleTV target not found
[usbmuxd] Start listen thread
[usbmuxd] Listen thread started
Native extension for iOS target not found
Native extension for Android target not found
Native extension for OSXStandalone target not found
Native extension for WebGL target not found
Refreshing native plugins compatible for Editor in 227.03 ms, found 3 plugins.
Preloading 0 native plugins for Editor in 0.00 ms.
Mono: successfully reloaded assembly
- Completed reload, in 11.798 seconds
Domain Reload Profiling:
	ReloadAssembly (11800ms)
		BeginReloadAssembly (7487ms)
			ExecutionOrderSort (0ms)
			DisableScriptedObjects (0ms)
			BackupInstance (0ms)
			ReleaseScriptingObjects (0ms)
			CreateAndSetChildDomain (1ms)
		EndReloadAssembly (2740ms)
			LoadAssemblies (7483ms)
			RebuildTransferFunctionScriptingTraits (0ms)
			SetupTypeCache (1490ms)
				TypeCache.Initialize (1490ms)
					TypeCache.ScanAssembly (1487ms)
				ResolveRequiredComponents (1ms)
			ReleaseScriptCaches (0ms)
			RebuildScriptCaches (59ms)
			SetupLoadedEditorAssemblies (996ms)
				LogAssemblyErrors (0ms)
				InitializePlatformSupportModulesInManaged (489ms)
				SetLoadedEditorAssemblies (12ms)
				RefreshPlugins (228ms)
				BeforeProcessingInitializeOnLoad (2ms)
				ProcessInitializeOnLoadAttributes (191ms)
				ProcessInitializeOnLoadMethodAttributes (74ms)
				AfterProcessingInitializeOnLoad (0ms)
				EditorAssembliesLoaded (0ms)
			ExecutionOrderSort2 (0ms)
			AwakeInstancesAfterBackupRestoration (0ms)
Platform modules already initialized, skipping
Registering precompiled user dll's ...
Registered in 0.022610 seconds.
Begin MonoManager ReloadAssembly
Symbol file LoadedFromMemory doesn't match image C:\Users\530008\OneDrive - eastsussexcollegegroup\Documents\New folder\Library\PackageCache\com.unity.visualscripting@1.7.8\Editor\VisualScripting.Core\Dependencies\YamlDotNet\Unity.VisualScripting.YamlDotNet.dll
Symbol file LoadedFromMemory doesn't match image C:\Users\530008\OneDrive - eastsussexcollegegroup\Documents\New folder\Library\PackageCache\com.unity.visualscripting@1.7.8\Editor\VisualScripting.Core\Dependencies\DotNetZip\Unity.VisualScripting.IonicZip.dll
Native extension for UWP target not found
Native extension for LinuxStandalone target not found
Native extension for WindowsStandalone target not found
Native extension for AppleTV target not found
Native extension for iOS target not found
Native extension for Android target not found
Native extension for OSXStandalone target not found
Native extension for WebGL target not found
Refreshing native plugins compatible for Editor in 194.73 ms, found 3 plugins.
Preloading 0 native plugins for Editor in 0.00 ms.
Mono: successfully reloaded assembly
- Completed reload, in  8.748 seconds
Domain Reload Profiling:
	ReloadAssembly (8749ms)
		BeginReloadAssembly (282ms)
			ExecutionOrderSort (0ms)
			DisableScriptedObjects (9ms)
			BackupInstance (0ms)
			ReleaseScriptingObjects (0ms)
			CreateAndSetChildDomain (36ms)
		EndReloadAssembly (8203ms)
			LoadAssemblies (3628ms)
			RebuildTransferFunctionScriptingTraits (0ms)
			SetupTypeCache (1391ms)
				TypeCache.Initialize (1368ms)
					TypeCache.ScanAssembly (1359ms)
				ResolveRequiredComponents (23ms)
			ReleaseScriptCaches (1ms)
			RebuildScriptCaches (157ms)
			SetupLoadedEditorAssemblies (2993ms)
				LogAssemblyErrors (0ms)
				InitializePlatformSupportModulesInManaged (73ms)
				SetLoadedEditorAssemblies (10ms)
				RefreshPlugins (195ms)
				BeforeProcessingInitializeOnLoad (237ms)
				ProcessInitializeOnLoadAttributes (818ms)
				ProcessInitializeOnLoadMethodAttributes (1627ms)
				AfterProcessingInitializeOnLoad (34ms)
				EditorAssembliesLoaded (0ms)
			ExecutionOrderSort2 (0ms)
			AwakeInstancesAfterBackupRestoration (9ms)
Platform modules already initialized, skipping
========================================================================
Worker process is ready to serve import requests
Launched and connected shader compiler UnityShaderCompiler.exe after 0.16 seconds
Refreshing native plugins compatible for Editor in 2.03 ms, found 3 plugins.
Preloading 0 native plugins for Editor in 0.00 ms.
Unloading 5856 Unused Serialized files (Serialized files now loaded: 0)
Unloading 47 unused Assets / (418.8 KB). Loaded Objects now: 6310.
Memory consumption went from 0.91 GB to 0.91 GB.
Total: 8.041000 ms (FindLiveObjects: 0.705100 ms CreateObjectMapping: 1.203500 ms MarkObjects: 5.792500 ms  DeleteObjects: 0.338100 ms)

AssetImportParameters requested are different than current active one (requested -> active):
  custom:video-decoder-ogg-theora: a1e56fd34408186e4bbccfd4996cb3dc -> 
  custom:container-muxer-webm: aa71ff27fc2769a1b78a27578f13a17b -> 
  custom:container-demuxer-webm: 4f35f7cbe854078d1ac9338744f61a02 -> 
  custom:video-encoder-webm-vp8: eb34c28f22e8b96e1ab97ce403110664 -> 
  custom:audio-encoder-webm-vorbis: bf7c407c2cedff20999df2af8eb42d56 -> 
  custom:framework-win-MediaFoundation: 216162199b28c13a410421893ffa2e32 -> 
  custom:container-demuxer-ogg: 62fdf1f143b41e24485cea50d1cbac27 -> 
  custom:video-decoder-webm-vp8: 9c59270c3fd7afecdb556c50c9e8de78 -> 
  custom:audio-decoder-ogg-vorbis: bf7c407c2cedff20999df2af8eb42d56 -> 
========================================================================
Received Prepare
Registering precompiled user dll's ...
Registered in 0.018704 seconds.
Begin MonoManager ReloadAssembly
Symbol file LoadedFromMemory doesn't match image C:\Users\530008\OneDrive - eastsussexcollegegroup\Documents\New folder\Library\PackageCache\com.unity.visualscripting@1.7.8\Editor\VisualScripting.Core\Dependencies\YamlDotNet\Unity.VisualScripting.YamlDotNet.dll
Symbol file LoadedFromMemory doesn't match image C:\Users\530008\OneDrive - eastsussexcollegegroup\Documents\New folder\Library\PackageCache\com.unity.visualscripting@1.7.8\Editor\VisualScripting.Core\Dependencies\DotNetZip\Unity.VisualScripting.IonicZip.dll
Native extension for UWP target not found
Native extension for LinuxStandalone target not found
Native extension for WindowsStandalone target not found
Native extension for AppleTV target not found
Native extension for iOS target not found
Native extension for Android target not found
Native extension for OSXStandalone target not found
Native extension for WebGL target not found
Refreshing native plugins compatible for Editor in 1.80 ms, found 3 plugins.
Preloading 0 native plugins for Editor in 0.00 ms.
Mono: successfully reloaded assembly
- Completed reload, in  2.478 seconds
Domain Reload Profiling:
	ReloadAssembly (2479ms)
		BeginReloadAssembly (294ms)
			ExecutionOrderSort (0ms)
			DisableScriptedObjects (10ms)
			BackupInstance (0ms)
			ReleaseScriptingObjects (0ms)
			CreateAndSetChildDomain (70ms)
		EndReloadAssembly (1980ms)
			LoadAssemblies (246ms)
			RebuildTransferFunctionScriptingTraits (0ms)
			SetupTypeCache (583ms)
				TypeCache.Initialize (559ms)
					TypeCache.ScanAssembly (548ms)
				ResolveRequiredComponents (24ms)
			ReleaseScriptCaches (3ms)
			RebuildScriptCaches (96ms)
			SetupLoadedEditorAssemblies (996ms)
				LogAssemblyErrors (0ms)
				InitializePlatformSupportModulesInManaged (94ms)
				SetLoadedEditorAssemblies (9ms)
				RefreshPlugins (2ms)
				BeforeProcessingInitializeOnLoad (181ms)
				ProcessInitializeOnLoadAttributes (537ms)
				ProcessInitializeOnLoadMethodAttributes (137ms)
				AfterProcessingInitializeOnLoad (36ms)
				EditorAssembliesLoaded (0ms)
			ExecutionOrderSort2 (0ms)
			AwakeInstancesAfterBackupRestoration (15ms)
Platform modules already initialized, skipping
Refreshing native plugins compatible for Editor in 6.07 ms, found 3 plugins.
Preloading 0 native plugins for Editor in 0.00 ms.
Unloading 5718 Unused Serialized files (Serialized files now loaded: 0)
Unloading 28 unused Assets / (380.6 KB). Loaded Objects now: 6326.
Memory consumption went from 0.88 GB to 0.88 GB.
Total: 7.391300 ms (FindLiveObjects: 0.507400 ms CreateObjectMapping: 0.994400 ms MarkObjects: 5.670800 ms  DeleteObjects: 0.217300 ms)

AssetImportParameters requested are different than current active one (requested -> active):
  custom:video-decoder-ogg-theora: a1e56fd34408186e4bbccfd4996cb3dc -> 
  custom:container-muxer-webm: aa71ff27fc2769a1b78a27578f13a17b -> 
  custom:container-demuxer-webm: 4f35f7cbe854078d1ac9338744f61a02 -> 
  custom:video-encoder-webm-vp8: eb34c28f22e8b96e1ab97ce403110664 -> 
  custom:audio-encoder-webm-vorbis: bf7c407c2cedff20999df2af8eb42d56 -> 
  custom:framework-win-MediaFoundation: 216162199b28c13a410421893ffa2e32 -> 
  custom:container-demuxer-ogg: 62fdf1f143b41e24485cea50d1cbac27 -> 
  custom:video-decoder-webm-vp8: 9c59270c3fd7afecdb556c50c9e8de78 -> 
  custom:audio-decoder-ogg-vorbis: bf7c407c2cedff20999df2af8eb42d56 -> 
========================================================================
Received Import Request.
  Time since last request: 82042.968120 seconds.
  path: Assets/Help Variant.prefab
  artifactKey: Guid(fbc906d62c6169f48a012d168c600d00) Importer(815301076,1909f56bfc062723c751e8b465ee728b)
Start importing Assets/Help Variant.prefab using Guid(fbc906d62c6169f48a012d168c600d00) Importer(815301076,1909f56bfc062723c751e8b465ee728b)  -> (artifact id: '6f3b22199ac2460b7d0055c6398524a0') in 0.260192 seconds 
========================================================================
Received Import Request.
  Time since last request: 0.000043 seconds.
  path: Assets/Help Variant 1.prefab
  artifactKey: Guid(b77b06da1d5fd144385a4b559650f2df) Importer(815301076,1909f56bfc062723c751e8b465ee728b)
Start importing Assets/Help Variant 1.prefab using Guid(b77b06da1d5fd144385a4b559650f2df) Importer(815301076,1909f56bfc062723c751e8b465ee728b)  -> (artifact id: 'ac55a47d5066085f523de75808074688') in 0.094203 seconds 
========================================================================
Received Import Request.
  Time since last request: 0.000042 seconds.
  path: Assets/New Material 2.mat
  artifactKey: Guid(df52db73542206e4f8277a483ee5fa75) Importer(815301076,1909f56bfc062723c751e8b465ee728b)
Start importing Assets/New Material 2.mat using Guid(df52db73542206e4f8277a483ee5fa75) Importer(815301076,1909f56bfc062723c751e8b465ee728b)  -> (artifact id: '59879a7515ab595ef3a3b3f215824a63') in 3.822920 seconds 
========================================================================
Received Import Request.
  Time since last request: 0.000048 seconds.
  path: Assets/Enchanted Land.otf
  artifactKey: Guid(03b1c2d8c98deda40a64d202d1a58ae3) Importer(815301076,1909f56bfc062723c751e8b465ee728b)
Start importing Assets/Enchanted Land.otf using Guid(03b1c2d8c98deda40a64d202d1a58ae3) Importer(815301076,1909f56bfc062723c751e8b465ee728b)  -> (artifact id: 'e8e154775c5c76e123490629f313b6cb') in 0.101884 seconds 
========================================================================
Received Import Request.
  Time since last request: 0.000046 seconds.
  path: Assets/underline.png
  artifactKey: Guid(2091a50bd38baf946b67c3bb043f63e6) Importer(815301076,1909f56bfc062723c751e8b465ee728b)
Start importing Assets/underline.png using Guid(2091a50bd38baf946b67c3bb043f63e6) Importer(815301076,1909f56bfc062723c751e8b465ee728b)  -> (artifact id: '6ea24e26782a4e4351d421a6475ee2f1') in 0.107853 seconds 
========================================================================
Received Import Request.
  Time since last request: 0.000033 seconds.
  path: Assets/Enchanted Land SDF 1.asset
  artifactKey: Guid(d851a3145ac4a094d9b2addd4e63f3c4) Importer(815301076,1909f56bfc062723c751e8b465ee728b)
Start importing Assets/Enchanted Land SDF 1.asset using Guid(d851a3145ac4a094d9b2addd4e63f3c4) Importer(815301076,1909f56bfc062723c751e8b465ee728b)  -> (artifact id: '639b15c2db32b69579eab2f1347de867') in 0.107847 seconds 
========================================================================
Received Import Request.
  Time since last request: 0.000048 seconds.
  path: Assets/Sword_T_Done.png
  artifactKey: Guid(b3be82c8b75d8d1428d9269c99cfbe7e) Importer(815301076,1909f56bfc062723c751e8b465ee728b)
Start importing Assets/Sword_T_Done.png using Guid(b3be82c8b75d8d1428d9269c99cfbe7e) Importer(815301076,1909f56bfc062723c751e8b465ee728b)  -> (artifact id: 'f1394d6ddf3115467a91f9c93c7870ed') in 0.038852 seconds 
========================================================================
Received Import Request.
  Time since last request: 0.000046 seconds.
  path: Assets/AnyConv.com__bone_dragon_-_minecraft_creature_-_free.obj
  artifactKey: Guid(1d4eb0687b5f9c0408ba1dc6c17b2f2b) Importer(815301076,1909f56bfc062723c751e8b465ee728b)
Start importing Assets/AnyConv.com__bone_dragon_-_minecraft_creature_-_free.obj using Guid(1d4eb0687b5f9c0408ba1dc6c17b2f2b) Importer(815301076,1909f56bfc062723c751e8b465ee728b)  -> (artifact id: '2cdf5862f016342b3439c6fed8d7d3f3') in 15.234903 seconds 
========================================================================
Received Import Request.
  Time since last request: 94.623063 seconds.
  path: Assets/LEGO/charlies stuff/Portal.prefab
  artifactKey: Guid(aa30145cd18a7e14597172f029dd2dfb) Importer(815301076,1909f56bfc062723c751e8b465ee728b)
Start importing Assets/LEGO/charlies stuff/Portal.prefab using Guid(aa30145cd18a7e14597172f029dd2dfb) Importer(815301076,1909f56bfc062723c751e8b465ee728b)  -> (artifact id: '1de319d21a13572feb71ad2b39e75c46') in 7.516140 seconds 
========================================================================
Received Import Request.
  Time since last request: 89.608370 seconds.
  path: Assets/LEGO/Models/Rock 1.fbx
  artifactKey: Guid(d09f36832543bf94f9c2516a58aeeddf) Importer(815301076,1909f56bfc062723c751e8b465ee728b)
Start importing Assets/LEGO/Models/Rock 1.fbx using Guid(d09f36832543bf94f9c2516a58aeeddf) Importer(815301076,1909f56bfc062723c751e8b465ee728b)  -> (artifact id: 'ec95380a71600f9ff7eaf852364c405f') in 0.055327 seconds 
========================================================================
Received Import Request.
  Time since last request: 0.000037 seconds.
  path: Assets/LEGO/Models/Rock 2.fbx
  artifactKey: Guid(19027613b79ac1247a8e92ee1aecac14) Importer(815301076,1909f56bfc062723c751e8b465ee728b)
Start importing Assets/LEGO/Models/Rock 2.fbx using Guid(19027613b79ac1247a8e92ee1aecac14) Importer(815301076,1909f56bfc062723c751e8b465ee728b)  -> (artifact id: '24d7497fcf42ba765ac2fcf90be33135') in 0.052075 seconds 
========================================================================
Received Import Request.
  Time since last request: 0.000038 seconds.
  path: Assets/LEGO/Models/Rock 3.fbx
  artifactKey: Guid(fb01d3c33168979499e56ab08875e85a) Importer(815301076,1909f56bfc062723c751e8b465ee728b)
Start importing Assets/LEGO/Models/Rock 3.fbx using Guid(fb01d3c33168979499e56ab08875e85a) Importer(815301076,1909f56bfc062723c751e8b465ee728b)  -> (artifact id: 'a9502932f351191fc3894161f3b45615') in 0.055979 seconds 
========================================================================
Received Import Request.
  Time since last request: 635.593827 seconds.
  path: Assets/LEGO/Scriptable Objects/Progress.asset
  artifactKey: Guid(c315452861337b44bb5ecc06e737b10d) Importer(815301076,1909f56bfc062723c751e8b465ee728b)
Start importing Assets/LEGO/Scriptable Objects/Progress.asset using Guid(c315452861337b44bb5ecc06e737b10d) Importer(815301076,1909f56bfc062723c751e8b465ee728b)  -> (artifact id: '2a41588f5e03550b4d3cc7f53a646252') in 0.095620 seconds 
========================================================================
Received Import Request.
  Time since last request: 0.000040 seconds.
  path: Assets/LEGO/Scriptable Objects/Score.asset
  artifactKey: Guid(9261f9ea2e9216c46ad193ed9d1a494b) Importer(815301076,1909f56bfc062723c751e8b465ee728b)
Start importing Assets/LEGO/Scriptable Objects/Score.asset using Guid(9261f9ea2e9216c46ad193ed9d1a494b) Importer(815301076,1909f56bfc062723c751e8b465ee728b)  -> (artifact id: '5f25a0521243dd797f75870d6a7b07af') in 0.066579 seconds 
========================================================================
Received Import Request.
  Time since last request: 7.154454 seconds.
  path: Assets/LEGO/Materials/Environment/Grid.mat
  artifactKey: Guid(e853b4fad94da4328bb41a083b716cf1) Importer(815301076,1909f56bfc062723c751e8b465ee728b)
Start importing Assets/LEGO/Materials/Environment/Grid.mat using Guid(e853b4fad94da4328bb41a083b716cf1) Importer(815301076,1909f56bfc062723c751e8b465ee728b)  -> (artifact id: '3fcc8e032ae5c97d49073b6acfa40aec') in 4.994913 seconds 
========================================================================
Received Import Request.
  Time since last request: 26.909594 seconds.
  path: Assets/LEGO/Materials/LEGO Behaviour Icons/Audio Action Side.mat
  artifactKey: Guid(7dbfdc2bcda1e40c2b9ae939604be918) Importer(815301076,1909f56bfc062723c751e8b465ee728b)
Start importing Assets/LEGO/Materials/LEGO Behaviour Icons/Audio Action Side.mat using Guid(7dbfdc2bcda1e40c2b9ae939604be918) Importer(815301076,1909f56bfc062723c751e8b465ee728b)  -> (artifact id: 'cb7bc195159a772b877a9b6afa3943a0') in 3.785792 seconds 
========================================================================
Received Import Request.
  Time since last request: 0.000040 seconds.
  path: Assets/LEGO/Materials/LEGO Behaviour Icons/Win Action Side.mat
  artifactKey: Guid(ded2ef47b2cd842238af067566357b3f) Importer(815301076,1909f56bfc062723c751e8b465ee728b)
Start importing Assets/LEGO/Materials/LEGO Behaviour Icons/Win Action Side.mat using Guid(ded2ef47b2cd842238af067566357b3f) Importer(815301076,1909f56bfc062723c751e8b465ee728b)  -> (artifact id: '39c3eda5c592b669ee4dd07ff14f9b35') in 0.172835 seconds 
========================================================================
Received Import Request.
  Time since last request: 0.000047 seconds.
  path: Assets/LEGO/Materials/LEGO Behaviour Icons/Look At Action Side.mat
  artifactKey: Guid(85723cceac7d64f03b57a30bfe02c773) Importer(815301076,1909f56bfc062723c751e8b465ee728b)
Start importing Assets/LEGO/Materials/LEGO Behaviour Icons/Look At Action Side.mat using Guid(85723cceac7d64f03b57a30bfe02c773) Importer(815301076,1909f56bfc062723c751e8b465ee728b)  -> (artifact id: '02f408b43f7d4ea196dd5e57c71bdcfe') in 0.145667 seconds 
========================================================================
Received Import Request.
  Time since last request: 0.000038 seconds.
  path: Assets/LEGO/Materials/LEGO Behaviour Icons/Pickup Action Side.mat
  artifactKey: Guid(4479e591aadd34fafad390140195d458) Importer(815301076,1909f56bfc062723c751e8b465ee728b)
Start importing Assets/LEGO/Materials/LEGO Behaviour Icons/Pickup Action Side.mat using Guid(4479e591aadd34fafad390140195d458) Importer(815301076,1909f56bfc062723c751e8b465ee728b)  -> (artifact id: '4e1b4fb3d2990e4c2e61201d811f2280') in 0.074188 seconds 
========================================================================
Received Import Request.
  Time since last request: 0.000045 seconds.
  path: Assets/LEGO/Materials/LEGO Behaviour Icons/Pickup Trigger Side.mat
  artifactKey: Guid(bbea7331494474e9b879d9ddbad85601) Importer(815301076,1909f56bfc062723c751e8b465ee728b)
Start importing Assets/LEGO/Materials/LEGO Behaviour Icons/Pickup Trigger Side.mat using Guid(bbea7331494474e9b879d9ddbad85601) Importer(815301076,1909f56bfc062723c751e8b465ee728b)  -> (artifact id: 'd84ceee314caa5b9ea733377095a2c93') in 0.099251 seconds 
========================================================================
Received Import Request.
  Time since last request: 0.000046 seconds.
  path: Assets/LEGO/Materials/Particles/Smoke.mat
  artifactKey: Guid(be888c2603c32441899fcac3ce325ec6) Importer(815301076,1909f56bfc062723c751e8b465ee728b)
Start importing Assets/LEGO/Materials/Particles/Smoke.mat using Guid(be888c2603c32441899fcac3ce325ec6) Importer(815301076,1909f56bfc062723c751e8b465ee728b)  -> (artifact id: '940e6b06e2430c23405d88f4c56b27b7') in 0.373859 seconds 
========================================================================
Received Import Request.
  Time since last request: 0.000042 seconds.
  path: Assets/LEGO/Materials/LEGO Behaviour Icons/Counter Action Side.mat
  artifactKey: Guid(d3989eeb7cd704bc8859106cebb9bc5e) Importer(815301076,1909f56bfc062723c751e8b465ee728b)
Start importing Assets/LEGO/Materials/LEGO Behaviour Icons/Counter Action Side.mat using Guid(d3989eeb7cd704bc8859106cebb9bc5e) Importer(815301076,1909f56bfc062723c751e8b465ee728b)  -> (artifact id: 'bc70813b2b740b9df5d207c791e59d9d') in 0.119762 seconds 
========================================================================
Received Import Request.
  Time since last request: 0.000168 seconds.
  path: Assets/LEGO/Materials/LEGO Behaviour Icons/Lose Action Side.mat
  artifactKey: Guid(da44c3104200a43eaa832cf838484e83) Importer(815301076,1909f56bfc062723c751e8b465ee728b)
Start importing Assets/LEGO/Materials/LEGO Behaviour Icons/Lose Action Side.mat using Guid(da44c3104200a43eaa832cf838484e83) Importer(815301076,1909f56bfc062723c751e8b465ee728b)  -> (artifact id: '8a377c9ba41f6120bdc564f2f5df49b6') in 0.118545 seconds 
========================================================================
Received Import Request.
  Time since last request: 0.000034 seconds.
  path: Assets/LEGO/Materials/Particles/Skull.mat
  artifactKey: Guid(e6fa1079334404a258411054f032d0de) Importer(815301076,1909f56bfc062723c751e8b465ee728b)
Start importing Assets/LEGO/Materials/Particles/Skull.mat using Guid(e6fa1079334404a258411054f032d0de) Importer(815301076,1909f56bfc062723c751e8b465ee728b)  -> (artifact id: '529d768454cc29a5f4c63fd942fef559') in 0.505684 seconds 
========================================================================
Received Import Request.
  Time since last request: 0.000246 seconds.
  path: Assets/LEGO/Materials/LEGO Behaviour Icons/Elevator Action Side.mat
  artifactKey: Guid(c05934446c3a54e3fb5b43cffddd2968) Importer(815301076,1909f56bfc062723c751e8b465ee728b)
Start importing Assets/LEGO/Materials/LEGO Behaviour Icons/Elevator Action Side.mat using Guid(c05934446c3a54e3fb5b43cffddd2968) Importer(815301076,1909f56bfc062723c751e8b465ee728b)  -> (artifact id: '371ed8986161b5ba54e80712eb08a405') in 0.112546 seconds 
========================================================================
Received Import Request.
  Time since last request: 0.000052 seconds.
  path: Assets/LEGO/Materials/LEGO Behaviour Icons/Nearby Trigger Side.mat
  artifactKey: Guid(f9be08ef393ed4d2bb3d9a380e80a824) Importer(815301076,1909f56bfc062723c751e8b465ee728b)
Start importing Assets/LEGO/Materials/LEGO Behaviour Icons/Nearby Trigger Side.mat using Guid(f9be08ef393ed4d2bb3d9a380e80a824) Importer(815301076,1909f56bfc062723c751e8b465ee728b)  -> (artifact id: '363771b9977dd52c5e2fac0cf9d8c25f') in 0.077485 seconds 
========================================================================
Received Import Request.
  Time since last request: 0.000046 seconds.
  path: Assets/LEGO/Materials/LEGO Behaviour Icons/Hazard Action Side.mat
  artifactKey: Guid(6dee11202b7164aa38e1e894beb81e29) Importer(815301076,1909f56bfc062723c751e8b465ee728b)
Start importing Assets/LEGO/Materials/LEGO Behaviour Icons/Hazard Action Side.mat using Guid(6dee11202b7164aa38e1e894beb81e29) Importer(815301076,1909f56bfc062723c751e8b465ee728b)  -> (artifact id: 'a493d414e8d0a38d6490550a7edd2d6b') in 0.150162 seconds 
========================================================================
Received Import Request.
  Time since last request: 0.000050 seconds.
  path: Assets/LEGO/Materials/Particles/Sparkle.mat
  artifactKey: Guid(6d2cc003531254d44ae04da55c7e1f8e) Importer(815301076,1909f56bfc062723c751e8b465ee728b)
Start importing Assets/LEGO/Materials/Particles/Sparkle.mat using Guid(6d2cc003531254d44ae04da55c7e1f8e) Importer(815301076,1909f56bfc062723c751e8b465ee728b)  -> (artifact id: '00db7f5a92ec63880d00b91c2308c533') in 0.338634 seconds 
========================================================================
Received Import Request.
  Time since last request: 0.000048 seconds.
  path: Assets/LEGO/Materials/LEGO Behaviour Icons/Input Trigger Side.mat
  artifactKey: Guid(225bb35e52814460c9736fdc39c9ca04) Importer(815301076,1909f56bfc062723c751e8b465ee728b)
Start importing Assets/LEGO/Materials/LEGO Behaviour Icons/Input Trigger Side.mat using Guid(225bb35e52814460c9736fdc39c9ca04) Importer(815301076,1909f56bfc062723c751e8b465ee728b)  -> (artifact id: '468c2b780ee248538ccce4575ec3f521') in 0.090939 seconds 
========================================================================
Received Import Request.
  Time since last request: 0.001415 seconds.
  path: Assets/LEGO/Materials/LEGO Behaviour Icons/Speak Action Side.mat
  artifactKey: Guid(94a1d4a67b2cc70449bb2cd98a5cde3a) Importer(815301076,1909f56bfc062723c751e8b465ee728b)
Start importing Assets/LEGO/Materials/LEGO Behaviour Icons/Speak Action Side.mat using Guid(94a1d4a67b2cc70449bb2cd98a5cde3a) Importer(815301076,1909f56bfc062723c751e8b465ee728b)  -> (artifact id: '04c2fcabeb8e938b08820937803af64a') in 0.107337 seconds 
========================================================================
Received Import Request.
  Time since last request: 0.000044 seconds.
  path: Assets/LEGO/Materials/LEGO Behaviour Icons/Hover Action Side.mat
  artifactKey: Guid(51e7aecb8b18f47bf8a21f0a8b536247) Importer(815301076,1909f56bfc062723c751e8b465ee728b)
Start importing Assets/LEGO/Materials/LEGO Behaviour Icons/Hover Action Side.mat using Guid(51e7aecb8b18f47bf8a21f0a8b536247) Importer(815301076,1909f56bfc062723c751e8b465ee728b)  -> (artifact id: '97c488b5b68a05a19be4ac3fca30b19c') in 0.091134 seconds 
========================================================================
Received Import Request.
  Time since last request: 63.350787 seconds.
  path: Assets/LEGO/Gizmos/LEGO Behaviour Icons/Audio Action.png
  artifactKey: Guid(b1f0f14707a0e4a589c9a546da887dae) Importer(815301076,1909f56bfc062723c751e8b465ee728b)
Start importing Assets/LEGO/Gizmos/LEGO Behaviour Icons/Audio Action.png using Guid(b1f0f14707a0e4a589c9a546da887dae) Importer(815301076,1909f56bfc062723c751e8b465ee728b)  -> (artifact id: '898ee5aa4de1dd052d234599d4f51e45') in 0.035566 seconds 
========================================================================
Received Import Request.
  Time since last request: 0.005078 seconds.
  path: Assets/LEGO/Gizmos/LEGO Behaviour Icons/Counter Action.png
  artifactKey: Guid(44ab82752144a4d6199e78ad32cb34ab) Importer(815301076,1909f56bfc062723c751e8b465ee728b)
Start importing Assets/LEGO/Gizmos/LEGO Behaviour Icons/Counter Action.png using Guid(44ab82752144a4d6199e78ad32cb34ab) Importer(815301076,1909f56bfc062723c751e8b465ee728b)  -> (artifact id: '1e28dcfc9c2bf38ef2bd14837aa37639') in 0.058614 seconds 
========================================================================
Received Import Request.
  Time since last request: 0.000039 seconds.
  path: Assets/LEGO/Gizmos/LEGO Behaviour Icons/Elevator Action.png
  artifactKey: Guid(62396c4e8773645d5bc8da9ff7d56efc) Importer(815301076,1909f56bfc062723c751e8b465ee728b)
Start importing Assets/LEGO/Gizmos/LEGO Behaviour Icons/Elevator Action.png using Guid(62396c4e8773645d5bc8da9ff7d56efc) Importer(815301076,1909f56bfc062723c751e8b465ee728b)  -> (artifact id: '6722be28daf9ee98644472c760de8be1') in 0.034033 seconds 
========================================================================
Received Import Request.
  Time since last request: 0.000052 seconds.
  path: Assets/LEGO/Gizmos/LEGO Behaviour Icons/Explode Action.png
  artifactKey: Guid(bfa3263c9cc4140e598e85d5da98fbbb) Importer(815301076,1909f56bfc062723c751e8b465ee728b)
Start importing Assets/LEGO/Gizmos/LEGO Behaviour Icons/Explode Action.png using Guid(bfa3263c9cc4140e598e85d5da98fbbb) Importer(815301076,1909f56bfc062723c751e8b465ee728b)  -> (artifact id: '8578ef00f291ea46c831334baef4f501') in 0.108359 seconds 
========================================================================
Received Import Request.
  Time since last request: 0.000032 seconds.
  path: Assets/LEGO/Gizmos/LEGO Behaviour Icons/Lose Action.png
  artifactKey: Guid(1d27aed7a373c43758683bed23394699) Importer(815301076,1909f56bfc062723c751e8b465ee728b)
Start importing Assets/LEGO/Gizmos/LEGO Behaviour Icons/Lose Action.png using Guid(1d27aed7a373c43758683bed23394699) Importer(815301076,1909f56bfc062723c751e8b465ee728b)  -> (artifact id: 'b2b5ba80bee041769f8cac0b1fc4208c') in 0.068838 seconds 
========================================================================
Received Import Request.
  Time since last request: 0.000061 seconds.
  path: Assets/LEGO/Gizmos/LEGO Behaviour Icons/Shoot Action.png
  artifactKey: Guid(1c645d5f90921411d971bb4a88fb0f55) Importer(815301076,1909f56bfc062723c751e8b465ee728b)
Start importing Assets/LEGO/Gizmos/LEGO Behaviour Icons/Shoot Action.png using Guid(1c645d5f90921411d971bb4a88fb0f55) Importer(815301076,1909f56bfc062723c751e8b465ee728b)  -> (artifact id: '5607f9eb72c7f06e45edaccb8e3561dd') in 0.164111 seconds 
========================================================================
Received Import Request.
  Time since last request: 0.000102 seconds.
  path: Assets/LEGO/Gizmos/LEGO Behaviour Icons/Hover Action.png
  artifactKey: Guid(4f7127ceb16df43618a20c2668ac1224) Importer(815301076,1909f56bfc062723c751e8b465ee728b)
Start importing Assets/LEGO/Gizmos/LEGO Behaviour Icons/Hover Action.png using Guid(4f7127ceb16df43618a20c2668ac1224) Importer(815301076,1909f56bfc062723c751e8b465ee728b)  -> (artifact id: '46b50d98c34c16d8a5bee7657d52a0e3') in 0.067462 seconds 
========================================================================
Received Import Request.
  Time since last request: 0.000046 seconds.
  path: Assets/LEGO/Gizmos/LEGO Behaviour Icons/Counter Trigger.png
  artifactKey: Guid(4b7ee8362baf045c2ae479b6f23ef520) Importer(815301076,1909f56bfc062723c751e8b465ee728b)
Start importing Assets/LEGO/Gizmos/LEGO Behaviour Icons/Counter Trigger.png using Guid(4b7ee8362baf045c2ae479b6f23ef520) Importer(815301076,1909f56bfc062723c751e8b465ee728b)  -> (artifact id: 'bd03d6d4541e71dbea065a3f4cdc645a') in 0.140015 seconds 
========================================================================
Received Import Request.
  Time since last request: 0.000037 seconds.
  path: Assets/LEGO/Gizmos/LEGO Behaviour Icons/Win Action.png
  artifactKey: Guid(3c4f42cc4cfce402f9a49f0a860003a3) Importer(815301076,1909f56bfc062723c751e8b465ee728b)
Start importing Assets/LEGO/Gizmos/LEGO Behaviour Icons/Win Action.png using Guid(3c4f42cc4cfce402f9a49f0a860003a3) Importer(815301076,1909f56bfc062723c751e8b465ee728b)  -> (artifact id: 'abc2e80afadc94d4476a4d68b96d7f33') in 0.098270 seconds 
========================================================================
Received Import Request.
  Time since last request: 0.000070 seconds.
  path: Assets/LEGO/Gizmos/LEGO Behaviour Icons/Spawn Action.png
  artifactKey: Guid(6a1d74b44575444df85c60a8813fc0d1) Importer(815301076,1909f56bfc062723c751e8b465ee728b)
Start importing Assets/LEGO/Gizmos/LEGO Behaviour Icons/Spawn Action.png using Guid(6a1d74b44575444df85c60a8813fc0d1) Importer(815301076,1909f56bfc062723c751e8b465ee728b)  -> (artifact id: 'a75a097c0062499d452bdccb5be12d1d') in 0.061238 seconds 
========================================================================
Received Import Request.
  Time since last request: 0.000034 seconds.
  path: Assets/LEGO/Gizmos/LEGO Behaviour Icons/Hazard Action.png
  artifactKey: Guid(89d1febd828a94b0f8c8dc5872748df8) Importer(815301076,1909f56bfc062723c751e8b465ee728b)
Start importing Assets/LEGO/Gizmos/LEGO Behaviour Icons/Hazard Action.png using Guid(89d1febd828a94b0f8c8dc5872748df8) Importer(815301076,1909f56bfc062723c751e8b465ee728b)  -> (artifact id: '259c3aebafd82c66bfbba9bd6f99db42') in 0.060080 seconds 
========================================================================
Received Import Request.
  Time since last request: 0.000060 seconds.
  path: Assets/LEGO/Gizmos/LEGO Behaviour Icons/Control Action.png
  artifactKey: Guid(47f3c44e595084a81b44a0e3463095aa) Importer(815301076,1909f56bfc062723c751e8b465ee728b)
Start importing Assets/LEGO/Gizmos/LEGO Behaviour Icons/Control Action.png using Guid(47f3c44e595084a81b44a0e3463095aa) Importer(815301076,1909f56bfc062723c751e8b465ee728b)  -> (artifact id: 'c5e1d90bbf59970e3aaaf875098ce38e') in 0.105477 seconds 
========================================================================
Received Import Request.
  Time since last request: 0.000036 seconds.
  path: Assets/LEGO/Gizmos/LEGO Behaviour Icons/Speak Action.png
  artifactKey: Guid(f1fff6af1ab1ea840aff6113f44d0ac6) Importer(815301076,1909f56bfc062723c751e8b465ee728b)
Start importing Assets/LEGO/Gizmos/LEGO Behaviour Icons/Speak Action.png using Guid(f1fff6af1ab1ea840aff6113f44d0ac6) Importer(815301076,1909f56bfc062723c751e8b465ee728b)  -> (artifact id: '93589e94e521a52d31f19d0b4b835a3b') in 0.085909 seconds 
========================================================================
Received Import Request.
  Time since last request: 0.000123 seconds.
  path: Assets/LEGO/Gizmos/LEGO Behaviour Icons/Pickup Trigger.png
  artifactKey: Guid(35c263f77f91945948773e03715afaaa) Importer(815301076,1909f56bfc062723c751e8b465ee728b)
Start importing Assets/LEGO/Gizmos/LEGO Behaviour Icons/Pickup Trigger.png using Guid(35c263f77f91945948773e03715afaaa) Importer(815301076,1909f56bfc062723c751e8b465ee728b)  -> (artifact id: '2fbbad607818921ddb8b2c138395bdc8') in 0.094104 seconds 
========================================================================
Received Import Request.
  Time since last request: 5.965561 seconds.
  path: Assets/LEGO/Animations/Minifig@Ballerina.fbx
  artifactKey: Guid(e2887db5d030d487b9bc60344f3b448b) Importer(815301076,1909f56bfc062723c751e8b465ee728b)
Start importing Assets/LEGO/Animations/Minifig@Ballerina.fbx using Guid(e2887db5d030d487b9bc60344f3b448b) Importer(815301076,1909f56bfc062723c751e8b465ee728b)  -> (artifact id: 'fcaf79644daa992d6cfa9a46357b62ac') in 0.047263 seconds 
========================================================================
Received Import Request.
  Time since last request: 0.000034 seconds.
  path: Assets/LEGO/Animations/Minifig@Crawl.fbx
  artifactKey: Guid(79cacaf3c18c545c4967c51f46d43596) Importer(815301076,1909f56bfc062723c751e8b465ee728b)
Start importing Assets/LEGO/Animations/Minifig@Crawl.fbx using Guid(79cacaf3c18c545c4967c51f46d43596) Importer(815301076,1909f56bfc062723c751e8b465ee728b)  -> (artifact id: 'f478839d684e43d40168f46050b9e890') in 0.053158 seconds 
========================================================================
Received Import Request.
  Time since last request: 0.000044 seconds.
  path: Assets/LEGO/Animations/Minifig@Flip_No_Y_Axis.fbx
  artifactKey: Guid(cf69a5f7a1d534cd7802b55f0659dfea) Importer(815301076,1909f56bfc062723c751e8b465ee728b)
Start importing Assets/LEGO/Animations/Minifig@Flip_No_Y_Axis.fbx using Guid(cf69a5f7a1d534cd7802b55f0659dfea) Importer(815301076,1909f56bfc062723c751e8b465ee728b)  -> (artifact id: '04dcc538564112fa70977df9d28d2a68') in 0.075107 seconds 
========================================================================
Received Import Request.
  Time since last request: 0.000057 seconds.
  path: Assets/LEGO/Animations/Minifig@Jump_NoLanding_No_Y_Axis.fbx
  artifactKey: Guid(cc0bc8eb7d73c414a8d599d553ef2f5e) Importer(815301076,1909f56bfc062723c751e8b465ee728b)
Start importing Assets/LEGO/Animations/Minifig@Jump_NoLanding_No_Y_Axis.fbx using Guid(cc0bc8eb7d73c414a8d599d553ef2f5e) Importer(815301076,1909f56bfc062723c751e8b465ee728b)  -> (artifact id: '34035589c7e4ce8db90208c421ce540a') in 0.075369 seconds 
========================================================================
Received Import Request.
  Time since last request: 0.000044 seconds.
  path: Assets/LEGO/Animations/Minifig@Jump_wBounce.fbx
  artifactKey: Guid(82a36a63ff90d4986afcdf4bce710350) Importer(815301076,1909f56bfc062723c751e8b465ee728b)
Start importing Assets/LEGO/Animations/Minifig@Jump_wBounce.fbx using Guid(82a36a63ff90d4986afcdf4bce710350) Importer(815301076,1909f56bfc062723c751e8b465ee728b)  -> (artifact id: 'a1dde974896abaef7723141ce70b2034') in 0.061983 seconds 
========================================================================
Received Import Request.
  Time since last request: 0.000046 seconds.
  path: Assets/LEGO/Animations/Minifig@LookingUp.fbx
  artifactKey: Guid(1f3ee695c8e8c4493ad86e5d546a222b) Importer(815301076,1909f56bfc062723c751e8b465ee728b)
Start importing Assets/LEGO/Animations/Minifig@LookingUp.fbx using Guid(1f3ee695c8e8c4493ad86e5d546a222b) Importer(815301076,1909f56bfc062723c751e8b465ee728b)  -> (artifact id: '4a4aa7af69895aa6c5453fb70594d89c') in 0.089836 seconds 
========================================================================
Received Import Request.
  Time since last request: 0.000059 seconds.
  path: Assets/LEGO/Animations/Minifig@Spin.fbx
  artifactKey: Guid(ddb6481764fc648e8a7f8eac82fdf2e5) Importer(815301076,1909f56bfc062723c751e8b465ee728b)
Start importing Assets/LEGO/Animations/Minifig@Spin.fbx using Guid(ddb6481764fc648e8a7f8eac82fdf2e5) Importer(815301076,1909f56bfc062723c751e8b465ee728b)  -> (artifact id: 'b7dd66ed6780dbd12837dc569a104508') in 0.045966 seconds 
========================================================================
Received Import Request.
  Time since last request: 0.000052 seconds.
  path: Assets/LEGO/Animations/Minifig@Torso_Reactive.fbx
  artifactKey: Guid(b329f7eb758284d2a830be1138606480) Importer(815301076,1909f56bfc062723c751e8b465ee728b)
Start importing Assets/LEGO/Animations/Minifig@Torso_Reactive.fbx using Guid(b329f7eb758284d2a830be1138606480) Importer(815301076,1909f56bfc062723c751e8b465ee728b)  -> (artifact id: 'dc80f4e88066d4f12592f255f5610419') in 0.054630 seconds 
========================================================================
Received Import Request.
  Time since last request: 0.000043 seconds.
  path: Assets/LEGO/Animations/Minifig@Wave.fbx
  artifactKey: Guid(dd744a24b2b8d4301addbe01a8b1fe39) Importer(815301076,1909f56bfc062723c751e8b465ee728b)
Start importing Assets/LEGO/Animations/Minifig@Wave.fbx using Guid(dd744a24b2b8d4301addbe01a8b1fe39) Importer(815301076,1909f56bfc062723c751e8b465ee728b)  -> (artifact id: 'f886741fe198b7ae626bdf31bd093d57') in 0.064133 seconds 
========================================================================
Received Import Request.
  Time since last request: 0.000037 seconds.
  path: Assets/LEGO/Animations/Minifig@Stretching.fbx
  artifactKey: Guid(6c496a874c1684c58ac15c65e5d09d91) Importer(815301076,1909f56bfc062723c751e8b465ee728b)
Start importing Assets/LEGO/Animations/Minifig@Stretching.fbx using Guid(6c496a874c1684c58ac15c65e5d09d91) Importer(815301076,1909f56bfc062723c751e8b465ee728b)  -> (artifact id: 'b996ca9158f1e8a415a686e39dc2f814') in 0.091451 seconds 
========================================================================
Received Import Request.
  Time since last request: 0.000235 seconds.
  path: Assets/LEGO/Animations/Minifig@LookingAround.fbx
  artifactKey: Guid(bc6ac262a5fbd4bf4bb79c8d6dcf5cf4) Importer(815301076,1909f56bfc062723c751e8b465ee728b)
Start importing Assets/LEGO/Animations/Minifig@LookingAround.fbx using Guid(bc6ac262a5fbd4bf4bb79c8d6dcf5cf4) Importer(815301076,1909f56bfc062723c751e8b465ee728b)  -> (artifact id: '5c6a816e76744d800d2bcdf68263dfd4') in 0.083584 seconds 
========================================================================
Received Import Request.
  Time since last request: 0.000145 seconds.
  path: Assets/LEGO/Animations/Minifig@LeftHandReaction.fbx
  artifactKey: Guid(dcee35af558b44a5c8e5bfa18788687b) Importer(815301076,1909f56bfc062723c751e8b465ee728b)
Start importing Assets/LEGO/Animations/Minifig@LeftHandReaction.fbx using Guid(dcee35af558b44a5c8e5bfa18788687b) Importer(815301076,1909f56bfc062723c751e8b465ee728b)  -> (artifact id: 'cc066d45e358bfbf78f002dd45e85dde') in 0.075770 seconds 
========================================================================
Received Import Request.
  Time since last request: 0.000044 seconds.
  path: Assets/LEGO/Animations/Minifig@CrawlOnWallRight.fbx
  artifactKey: Guid(34eff1f53aa0f49d891dcfab42076c17) Importer(815301076,1909f56bfc062723c751e8b465ee728b)
Start importing Assets/LEGO/Animations/Minifig@CrawlOnWallRight.fbx using Guid(34eff1f53aa0f49d891dcfab42076c17) Importer(815301076,1909f56bfc062723c751e8b465ee728b)  -> (artifact id: '600c4f2c01a252f47d73ccc2a0658324') in 0.081236 seconds 
========================================================================
Received Import Request.
  Time since last request: 0.000065 seconds.
  path: Assets/LEGO/Animations/Minifig@IdleHeavy.fbx
  artifactKey: Guid(3d2bce3132d234fd9931c73d36b011d4) Importer(815301076,1909f56bfc062723c751e8b465ee728b)
Start importing Assets/LEGO/Animations/Minifig@IdleHeavy.fbx using Guid(3d2bce3132d234fd9931c73d36b011d4) Importer(815301076,1909f56bfc062723c751e8b465ee728b)  -> (artifact id: 'c4a16d60aa619d5654e614e2fce2212e') in 0.136801 seconds 
========================================================================
Received Import Request.
  Time since last request: 0.000072 seconds.
  path: Assets/LEGO/Animations/Minifig@Idle_Light.fbx
  artifactKey: Guid(851f67277607149c5b6d475384020033) Importer(815301076,1909f56bfc062723c751e8b465ee728b)
Start importing Assets/LEGO/Animations/Minifig@Idle_Light.fbx using Guid(851f67277607149c5b6d475384020033) Importer(815301076,1909f56bfc062723c751e8b465ee728b)  -> (artifact id: 'b29b39b3da5bf06f10ea149c8acdd8e2') in 0.083113 seconds 
========================================================================
Received Import Request.
  Time since last request: 0.000071 seconds.
  path: Assets/LEGO/Animations/Minifig@Turn_90_Right.fbx
  artifactKey: Guid(01a36693f18de4c7dbb74a6ce30cc5a0) Importer(815301076,1909f56bfc062723c751e8b465ee728b)
Start importing Assets/LEGO/Animations/Minifig@Turn_90_Right.fbx using Guid(01a36693f18de4c7dbb74a6ce30cc5a0) Importer(815301076,1909f56bfc062723c751e8b465ee728b)  -> (artifact id: '6b090aaa8a37109f85996479ff63fcd1') in 0.048127 seconds 
========================================================================
Received Import Request.
  Time since last request: 0.000035 seconds.
  path: Assets/LEGO/Animations/Minifig@Walk.fbx
  artifactKey: Guid(b78a698a238bc4250a9063e3b87eb03c) Importer(815301076,1909f56bfc062723c751e8b465ee728b)
Start importing Assets/LEGO/Animations/Minifig@Walk.fbx using Guid(b78a698a238bc4250a9063e3b87eb03c) Importer(815301076,1909f56bfc062723c751e8b465ee728b)  -> (artifact id: 'fa152bbce4bea27ecbea02edc524fcb3') in 0.086562 seconds 
========================================================================
Received Import Request.
  Time since last request: 0.000069 seconds.
  path: Assets/LEGO/Animations/Minifig@Sleeping.fbx
  artifactKey: Guid(00a6ec06dd6444464a7c8e2d80c9e4e1) Importer(815301076,1909f56bfc062723c751e8b465ee728b)
Start importing Assets/LEGO/Animations/Minifig@Sleeping.fbx using Guid(00a6ec06dd6444464a7c8e2d80c9e4e1) Importer(815301076,1909f56bfc062723c751e8b465ee728b)  -> (artifact id: 'fffcd938b4af107188275006f0051184') in 0.065911 seconds 
========================================================================
Received Import Request.
  Time since last request: 0.000073 seconds.
  path: Assets/LEGO/Animations/Minifig@LegReactive.fbx
  artifactKey: Guid(8e63953137dbe47ffa78c89afb785d53) Importer(815301076,1909f56bfc062723c751e8b465ee728b)
Start importing Assets/LEGO/Animations/Minifig@LegReactive.fbx using Guid(8e63953137dbe47ffa78c89afb785d53) Importer(815301076,1909f56bfc062723c751e8b465ee728b)  -> (artifact id: '6ccdecbe9221159b83150b466bfd9db1') in 0.114474 seconds 
========================================================================
Received Import Request.
  Time since last request: 0.000034 seconds.
  path: Assets/LEGO/Animations/Minifig@LookingDown.fbx
  artifactKey: Guid(3189dd918c0f446e4b831e9fd2e77a89) Importer(815301076,1909f56bfc062723c751e8b465ee728b)
Start importing Assets/LEGO/Animations/Minifig@LookingDown.fbx using Guid(3189dd918c0f446e4b831e9fd2e77a89) Importer(815301076,1909f56bfc062723c751e8b465ee728b)  -> (artifact id: '290400b7b70fd1c7d74a936e59d3cf2a') in 0.104632 seconds 
========================================================================
Received Import Request.
  Time since last request: 0.000123 seconds.
  path: Assets/LEGO/Animations/Minifig@Run.fbx
  artifactKey: Guid(a027f6f1a85184a6ab8deaecc046a8be) Importer(815301076,1909f56bfc062723c751e8b465ee728b)
Start importing Assets/LEGO/Animations/Minifig@Run.fbx using Guid(a027f6f1a85184a6ab8deaecc046a8be) Importer(815301076,1909f56bfc062723c751e8b465ee728b)  -> (artifact id: 'c30affd72c5c98e5e4572eeb3d8255ad') in 0.081569 seconds 
========================================================================
Received Import Request.
  Time since last request: 0.000115 seconds.
  path: Assets/LEGO/Animations/Minifig@PantsSwap.fbx
  artifactKey: Guid(a7fc389e2a1054b6680e0f64873dd1f6) Importer(815301076,1909f56bfc062723c751e8b465ee728b)
Start importing Assets/LEGO/Animations/Minifig@PantsSwap.fbx using Guid(a7fc389e2a1054b6680e0f64873dd1f6) Importer(815301076,1909f56bfc062723c751e8b465ee728b)  -> (artifact id: 'b77622d894ce8d371536c1c385c3534d') in 0.090821 seconds 
========================================================================
Received Import Request.
  Time since last request: 0.000039 seconds.
  path: Assets/LEGO/Animations/Minifig@HatSwap.fbx
  artifactKey: Guid(ac445281f8f3a4a1e94fff480541b0fa) Importer(815301076,1909f56bfc062723c751e8b465ee728b)
Start importing Assets/LEGO/Animations/Minifig@HatSwap.fbx using Guid(ac445281f8f3a4a1e94fff480541b0fa) Importer(815301076,1909f56bfc062723c751e8b465ee728b)  -> (artifact id: 'd890d38d3891c4fd6719baacbf7b5e03') in 0.098625 seconds 
========================================================================
Received Import Request.
  Time since last request: 3.320400 seconds.
  path: Assets/LEGO/Prefabs/LEGO Minifigs/Astronaut.prefab
  artifactKey: Guid(1f174dd798c1d408a9b88ca831df4ac4) Importer(815301076,1909f56bfc062723c751e8b465ee728b)
Start importing Assets/LEGO/Prefabs/LEGO Minifigs/Astronaut.prefab using Guid(1f174dd798c1d408a9b88ca831df4ac4) Importer(815301076,1909f56bfc062723c751e8b465ee728b)  -> (artifact id: 'f2db57c3528cce24ec8abe4b55912e2a') in 8.754806 seconds 
========================================================================
Received Import Request.
  Time since last request: 0.000104 seconds.
  path: Assets/LEGO/Prefabs/LEGO Minifigs/Pirate.prefab
  artifactKey: Guid(6b29134dff99b4b5c89eceee36fbb95e) Importer(815301076,1909f56bfc062723c751e8b465ee728b)
Start importing Assets/LEGO/Prefabs/LEGO Minifigs/Pirate.prefab using Guid(6b29134dff99b4b5c89eceee36fbb95e) Importer(815301076,1909f56bfc062723c751e8b465ee728b)  -> (artifact id: '171cab6a035e1d6482f6f5a2240d1984') in 0.678624 seconds 
========================================================================
Received Import Request.
  Time since last request: 0.000089 seconds.
  path: Assets/LEGO/Prefabs/LEGO Minifigs/Pizza Boy.prefab
  artifactKey: Guid(422c298e5edde4efeb679ddef8883c33) Importer(815301076,1909f56bfc062723c751e8b465ee728b)
Start importing Assets/LEGO/Prefabs/LEGO Minifigs/Pizza Boy.prefab using Guid(422c298e5edde4efeb679ddef8883c33) Importer(815301076,1909f56bfc062723c751e8b465ee728b)  -> (artifact id: '13a42290b4e3b4fa972cc78108d6822b') in 0.666237 seconds 
========================================================================
Received Import Request.
  Time since last request: 0.000047 seconds.
  path: Assets/LEGO/Prefabs/LEGO Minifigs/One Button Astronaut.prefab
  artifactKey: Guid(a406d8b47c897e64ab2237997389da83) Importer(815301076,1909f56bfc062723c751e8b465ee728b)
Start importing Assets/LEGO/Prefabs/LEGO Minifigs/One Button Astronaut.prefab using Guid(a406d8b47c897e64ab2237997389da83) Importer(815301076,1909f56bfc062723c751e8b465ee728b)  -> (artifact id: 'f86a2f339e6f17c46033dec8c66c5c00') in 0.368257 seconds 
========================================================================
Received Import Request.
  Time since last request: 0.000051 seconds.
  path: Assets/LEGO/Prefabs/LEGO Minifigs/One Button Pizza Boy.prefab
  artifactKey: Guid(f404664eaa5d66a4ca04b24672149c1d) Importer(815301076,1909f56bfc062723c751e8b465ee728b)
Start importing Assets/LEGO/Prefabs/LEGO Minifigs/One Button Pizza Boy.prefab using Guid(f404664eaa5d66a4ca04b24672149c1d) Importer(815301076,1909f56bfc062723c751e8b465ee728b)  -> (artifact id: '4226cf7bfb5e7e5ebcc67f75e641ae3e') in 0.389017 seconds 
========================================================================
Received Import Request.
  Time since last request: 0.000068 seconds.
  path: Assets/LEGO/Prefabs/LEGO Behaviour Bricks
  artifactKey: Guid(5b5cfd2a85a7a488aa96b4afb2b2a04c) Importer(815301076,1909f56bfc062723c751e8b465ee728b)
Start importing Assets/LEGO/Prefabs/LEGO Behaviour Bricks using Guid(5b5cfd2a85a7a488aa96b4afb2b2a04c) Importer(815301076,1909f56bfc062723c751e8b465ee728b)  -> (artifact id: '2588d4730f28e4889080168c4a3f2078') in 0.020457 seconds 
========================================================================
Received Import Request.
  Time since last request: 0.000049 seconds.
  path: Assets/LEGO/Prefabs/LEGO Minifigs/One Button Adventurer.prefab
  artifactKey: Guid(c20b4674481d554449eb8192465c813b) Importer(815301076,1909f56bfc062723c751e8b465ee728b)
Start importing Assets/LEGO/Prefabs/LEGO Minifigs/One Button Adventurer.prefab using Guid(c20b4674481d554449eb8192465c813b) Importer(815301076,1909f56bfc062723c751e8b465ee728b)  -> (artifact id: '57794d4bf4bc1f15e2c7b2950c005668') in 0.404515 seconds 
========================================================================
Received Import Request.
  Time since last request: 0.000046 seconds.
  path: Assets/LEGO/Prefabs/LEGO Minifigs/One Button Pirate.prefab
  artifactKey: Guid(bdb4a2f1ae726b7409b48daef917e70d) Importer(815301076,1909f56bfc062723c751e8b465ee728b)
Start importing Assets/LEGO/Prefabs/LEGO Minifigs/One Button Pirate.prefab using Guid(bdb4a2f1ae726b7409b48daef917e70d) Importer(815301076,1909f56bfc062723c751e8b465ee728b)  -> (artifact id: 'aaf42b32c4b5eea93bd7edb1e0f0e9f3') in 0.389724 seconds 
========================================================================
Received Import Request.
  Time since last request: 43.072097 seconds.
  path: Assets/LEGO/Prefabs/LEGO Behaviour Bricks/Audio.prefab
  artifactKey: Guid(2811b6b17136449a6b4e9b435ea8a3a1) Importer(815301076,1909f56bfc062723c751e8b465ee728b)
Start importing Assets/LEGO/Prefabs/LEGO Behaviour Bricks/Audio.prefab using Guid(2811b6b17136449a6b4e9b435ea8a3a1) Importer(815301076,1909f56bfc062723c751e8b465ee728b)  -> (artifact id: '6659128e687f2d0140bb6b9b5840c9aa') in 0.168986 seconds 
========================================================================
Received Import Request.
  Time since last request: 0.000051 seconds.
  path: Assets/LEGO/Prefabs/LEGO Behaviour Bricks/Counter.prefab
  artifactKey: Guid(e091f61a413b7c443bcb03c9d0e2f23a) Importer(815301076,1909f56bfc062723c751e8b465ee728b)
Start importing Assets/LEGO/Prefabs/LEGO Behaviour Bricks/Counter.prefab using Guid(e091f61a413b7c443bcb03c9d0e2f23a) Importer(815301076,1909f56bfc062723c751e8b465ee728b)  -> (artifact id: '4595f86ac639273f68beea535f23f505') in 0.113350 seconds 
========================================================================
Received Import Request.
  Time since last request: 0.000072 seconds.
  path: Assets/LEGO/Prefabs/LEGO Behaviour Bricks/Shoot.prefab
  artifactKey: Guid(64d1d089ce11e4eadaa32af6d2e3d1fd) Importer(815301076,1909f56bfc062723c751e8b465ee728b)
Start importing Assets/LEGO/Prefabs/LEGO Behaviour Bricks/Shoot.prefab using Guid(64d1d089ce11e4eadaa32af6d2e3d1fd) Importer(815301076,1909f56bfc062723c751e8b465ee728b)  -> (artifact id: '67e275a73ccd013e4562afacd197cb72') in 0.415455 seconds 
========================================================================
Received Import Request.
  Time since last request: 0.000048 seconds.
  path: Assets/LEGO/Prefabs/LEGO Behaviour Bricks/Nearby Trigger.prefab
  artifactKey: Guid(5073354b3112c48619a5a0a18f938ee7) Importer(815301076,1909f56bfc062723c751e8b465ee728b)
Start importing Assets/LEGO/Prefabs/LEGO Behaviour Bricks/Nearby Trigger.prefab using Guid(5073354b3112c48619a5a0a18f938ee7) Importer(815301076,1909f56bfc062723c751e8b465ee728b)  -> (artifact id: '9a99d8a58c5f3e15f065a61d2aaef9f7') in 0.223316 seconds 
========================================================================
Received Import Request.
  Time since last request: 0.000057 seconds.
  path: Assets/LEGO/Prefabs/LEGO Behaviour Bricks/Look At 1.prefab
  artifactKey: Guid(c35fce9ecc1fc9742aacaedbe00c494b) Importer(815301076,1909f56bfc062723c751e8b465ee728b)
Start importing Assets/LEGO/Prefabs/LEGO Behaviour Bricks/Look At 1.prefab using Guid(c35fce9ecc1fc9742aacaedbe00c494b) Importer(815301076,1909f56bfc062723c751e8b465ee728b)  -> (artifact id: '6e0903233c985df653f48953a282c0c4') in 0.177120 seconds 
========================================================================
Received Import Request.
  Time since last request: 0.000038 seconds.
  path: Assets/LEGO/Prefabs/LEGO Behaviour Bricks/Explode.prefab
  artifactKey: Guid(dec0a645588d04d8bb0ca99f70ffa743) Importer(815301076,1909f56bfc062723c751e8b465ee728b)
Start importing Assets/LEGO/Prefabs/LEGO Behaviour Bricks/Explode.prefab using Guid(dec0a645588d04d8bb0ca99f70ffa743) Importer(815301076,1909f56bfc062723c751e8b465ee728b)  -> (artifact id: '24f94e1d1423e51147a501ba38bb2785') in 0.101309 seconds 
========================================================================
Received Import Request.
  Time since last request: 0.000064 seconds.
  path: Assets/LEGO/Prefabs/LEGO Behaviour Bricks/Platform.prefab
  artifactKey: Guid(57247d92339f745738d099ab710462e5) Importer(815301076,1909f56bfc062723c751e8b465ee728b)
Start importing Assets/LEGO/Prefabs/LEGO Behaviour Bricks/Platform.prefab using Guid(57247d92339f745738d099ab710462e5) Importer(815301076,1909f56bfc062723c751e8b465ee728b)  -> (artifact id: '5650272e83ea1ce272abda098573032b') in 0.197107 seconds 
========================================================================
Received Import Request.
  Time since last request: 0.000077 seconds.
  path: Assets/LEGO/Prefabs/LEGO Behaviour Bricks/Speak.prefab
  artifactKey: Guid(d39f04291e3b341f78bf4cfa451accd7) Importer(815301076,1909f56bfc062723c751e8b465ee728b)
Start importing Assets/LEGO/Prefabs/LEGO Behaviour Bricks/Speak.prefab using Guid(d39f04291e3b341f78bf4cfa451accd7) Importer(815301076,1909f56bfc062723c751e8b465ee728b)  -> (artifact id: '5dd7a0d060de97f2c09d0d0748c212b5') in 0.441872 seconds 
========================================================================
Received Import Request.
  Time since last request: 0.000058 seconds.
  path: Assets/LEGO/Prefabs/LEGO Behaviour Bricks/Sphere.prefab
  artifactKey: Guid(b3e2ae43f8a2f4b45b140c0066e1cb10) Importer(815301076,1909f56bfc062723c751e8b465ee728b)
Start importing Assets/LEGO/Prefabs/LEGO Behaviour Bricks/Sphere.prefab using Guid(b3e2ae43f8a2f4b45b140c0066e1cb10) Importer(815301076,1909f56bfc062723c751e8b465ee728b)  -> (artifact id: 'a9f80bcc6893366684220c3ab2096e93') in 0.099255 seconds 
========================================================================
Received Import Request.
  Time since last request: 0.000129 seconds.
  path: Assets/LEGO/Prefabs/LEGO Behaviour Bricks/Shoot 1.prefab
  artifactKey: Guid(2ef4639a7181d314e9496b4ec2187bbd) Importer(815301076,1909f56bfc062723c751e8b465ee728b)
Start importing Assets/LEGO/Prefabs/LEGO Behaviour Bricks/Shoot 1.prefab using Guid(2ef4639a7181d314e9496b4ec2187bbd) Importer(815301076,1909f56bfc062723c751e8b465ee728b)  -> (artifact id: 'bb9c5a5dc22b6c6e47eb01d1cef0a427') in 0.175984 seconds 
========================================================================
Received Import Request.
  Time since last request: 0.000048 seconds.
  path: Assets/LEGO/Prefabs/LEGO Behaviour Bricks/One Button.prefab
  artifactKey: Guid(1f775bc2fdffc134e9c5098dc582ef5c) Importer(815301076,1909f56bfc062723c751e8b465ee728b)
Start importing Assets/LEGO/Prefabs/LEGO Behaviour Bricks/One Button.prefab using Guid(1f775bc2fdffc134e9c5098dc582ef5c) Importer(815301076,1909f56bfc062723c751e8b465ee728b)  -> (artifact id: 'e67092f3c58bc627927f991809e8d9cc') in 0.119071 seconds 
========================================================================
Received Import Request.
  Time since last request: 0.000067 seconds.
  path: Assets/LEGO/Prefabs/LEGO Behaviour Bricks/Elevator.prefab
  artifactKey: Guid(498488446aa4c453ebfad8a187f1299a) Importer(815301076,1909f56bfc062723c751e8b465ee728b)
Start importing Assets/LEGO/Prefabs/LEGO Behaviour Bricks/Elevator.prefab using Guid(498488446aa4c453ebfad8a187f1299a) Importer(815301076,1909f56bfc062723c751e8b465ee728b)  -> (artifact id: '89664878036342f65c498ea5c8a081b6') in 0.142139 seconds 
========================================================================
Received Import Request.
  Time since last request: 0.000096 seconds.
  path: Assets/LEGO/Prefabs/LEGO Behaviour Bricks/Touch Trigger.prefab
  artifactKey: Guid(45a9e243fd71443c68c6819cdcac03de) Importer(815301076,1909f56bfc062723c751e8b465ee728b)
Start importing Assets/LEGO/Prefabs/LEGO Behaviour Bricks/Touch Trigger.prefab using Guid(45a9e243fd71443c68c6819cdcac03de) Importer(815301076,1909f56bfc062723c751e8b465ee728b)  -> (artifact id: '916ad1355dbf415172f66ee877f603fd') in 0.224612 seconds 
========================================================================
Received Import Request.
  Time since last request: 0.002219 seconds.
  path: Assets/LEGO/Prefabs/LEGO Behaviour Bricks/Pickup Trigger.prefab
  artifactKey: Guid(4b2cfe96b53144070b342371e0a54a06) Importer(815301076,1909f56bfc062723c751e8b465ee728b)
Start importing Assets/LEGO/Prefabs/LEGO Behaviour Bricks/Pickup Trigger.prefab using Guid(4b2cfe96b53144070b342371e0a54a06) Importer(815301076,1909f56bfc062723c751e8b465ee728b)  -> (artifact id: '7330d4ee1bb23d438d126e598c721d93') in 0.134331 seconds 
========================================================================
Received Import Request.
  Time since last request: 0.000065 seconds.
  path: Assets/LEGO/Prefabs/LEGO Behaviour Bricks/Hazard.prefab
  artifactKey: Guid(569d6da3692aa4c52814451a313b2732) Importer(815301076,1909f56bfc062723c751e8b465ee728b)
Start importing Assets/LEGO/Prefabs/LEGO Behaviour Bricks/Hazard.prefab using Guid(569d6da3692aa4c52814451a313b2732) Importer(815301076,1909f56bfc062723c751e8b465ee728b)  -> (artifact id: '0dc9107f07828189bee1f41672642afd') in 0.119229 seconds 
========================================================================
Received Import Request.
  Time since last request: 0.000044 seconds.
  path: Assets/LEGO/Prefabs/LEGO Behaviour Bricks/Move.prefab
  artifactKey: Guid(5f90c7d3098fc4659b7fc9bb45df5fa7) Importer(815301076,1909f56bfc062723c751e8b465ee728b)
Start importing Assets/LEGO/Prefabs/LEGO Behaviour Bricks/Move.prefab using Guid(5f90c7d3098fc4659b7fc9bb45df5fa7) Importer(815301076,1909f56bfc062723c751e8b465ee728b)  -> (artifact id: '08f85efa80386129f9140f06e095acb1') in 0.100848 seconds 
========================================================================
Received Prepare
Registering precompiled user dll's ...
Registered in 0.022002 seconds.
Begin MonoManager ReloadAssembly
Symbol file LoadedFromMemory doesn't match image C:\Users\530008\OneDrive - eastsussexcollegegroup\Documents\New folder\Library\PackageCache\com.unity.visualscripting@1.7.8\Editor\VisualScripting.Core\Dependencies\YamlDotNet\Unity.VisualScripting.YamlDotNet.dll
Symbol file LoadedFromMemory doesn't match image C:\Users\530008\OneDrive - eastsussexcollegegroup\Documents\New folder\Library\PackageCache\com.unity.visualscripting@1.7.8\Editor\VisualScripting.Core\Dependencies\DotNetZip\Unity.VisualScripting.IonicZip.dll
Native extension for UWP target not found
Native extension for LinuxStandalone target not found
Native extension for WindowsStandalone target not found
Native extension for AppleTV target not found
Native extension for iOS target not found
Native extension for Android target not found
Native extension for OSXStandalone target not found
Native extension for WebGL target not found
Refreshing native plugins compatible for Editor in 6.25 ms, found 3 plugins.
Preloading 0 native plugins for Editor in 0.00 ms.
Mono: successfully reloaded assembly
- Completed reload, in  3.306 seconds
Domain Reload Profiling:
	ReloadAssembly (3307ms)
		BeginReloadAssembly (378ms)
			ExecutionOrderSort (0ms)
			DisableScriptedObjects (15ms)
			BackupInstance (0ms)
			ReleaseScriptingObjects (0ms)
			CreateAndSetChildDomain (110ms)
		EndReloadAssembly (2657ms)
			LoadAssemblies (298ms)
			RebuildTransferFunctionScriptingTraits (0ms)
			SetupTypeCache (697ms)
				TypeCache.Initialize (667ms)
					TypeCache.ScanAssembly (655ms)
				ResolveRequiredComponents (30ms)
			ReleaseScriptCaches (4ms)
			RebuildScriptCaches (130ms)
			SetupLoadedEditorAssemblies (1402ms)
				LogAssemblyErrors (0ms)
				InitializePlatformSupportModulesInManaged (116ms)
				SetLoadedEditorAssemblies (11ms)
				RefreshPlugins (6ms)
				BeforeProcessingInitializeOnLoad (239ms)
				ProcessInitializeOnLoadAttributes (800ms)
				ProcessInitializeOnLoadMethodAttributes (182ms)
				AfterProcessingInitializeOnLoad (46ms)
				EditorAssembliesLoaded (1ms)
			ExecutionOrderSort2 (0ms)
			AwakeInstancesAfterBackupRestoration (27ms)
Platform modules already initialized, skipping
Refreshing native plugins compatible for Editor in 5.01 ms, found 3 plugins.
Preloading 0 native plugins for Editor in 0.00 ms.
Unloading 5719 Unused Serialized files (Serialized files now loaded: 0)
Unloading 29 unused Assets / (381.6 KB). Loaded Objects now: 6442.
Memory consumption went from 0.90 GB to 0.90 GB.
Total: 7.877200 ms (FindLiveObjects: 0.729800 ms CreateObjectMapping: 0.907500 ms MarkObjects: 5.946200 ms  DeleteObjects: 0.292100 ms)

AssetImportParameters requested are different than current active one (requested -> active):
  custom:video-decoder-ogg-theora: a1e56fd34408186e4bbccfd4996cb3dc -> 
  custom:container-muxer-webm: aa71ff27fc2769a1b78a27578f13a17b -> 
  custom:container-demuxer-webm: 4f35f7cbe854078d1ac9338744f61a02 -> 
  custom:video-encoder-webm-vp8: eb34c28f22e8b96e1ab97ce403110664 -> 
  custom:audio-encoder-webm-vorbis: bf7c407c2cedff20999df2af8eb42d56 -> 
  custom:framework-win-MediaFoundation: 216162199b28c13a410421893ffa2e32 -> 
  custom:container-demuxer-ogg: 62fdf1f143b41e24485cea50d1cbac27 -> 
  custom:video-decoder-webm-vp8: 9c59270c3fd7afecdb556c50c9e8de78 -> 
  custom:audio-decoder-ogg-vorbis: bf7c407c2cedff20999df2af8eb42d56 -> 
========================================================================
Received Import Request.
  Time since last request: 705.116143 seconds.
  path: Assets/LEGO/Textures/LEGO Behaviour Icons/Script Green.png
  artifactKey: Guid(78f5b3d1a121545ddaeaea70c347811d) Importer(815301076,1909f56bfc062723c751e8b465ee728b)
Start importing Assets/LEGO/Textures/LEGO Behaviour Icons/Script Green.png using Guid(78f5b3d1a121545ddaeaea70c347811d) Importer(815301076,1909f56bfc062723c751e8b465ee728b)  -> (artifact id: '8acadd8580514bd27fbcc41436d0e967') in 0.136234 seconds 
========================================================================
Received Import Request.
  Time since last request: 0.000039 seconds.
  path: Assets/LEGO/Textures/LEGO Behaviour Icons/Script Yellow.png
  artifactKey: Guid(cde9f482f2c6c4691a66ddba50e45872) Importer(815301076,1909f56bfc062723c751e8b465ee728b)
Start importing Assets/LEGO/Textures/LEGO Behaviour Icons/Script Yellow.png using Guid(cde9f482f2c6c4691a66ddba50e45872) Importer(815301076,1909f56bfc062723c751e8b465ee728b)  -> (artifact id: '236b011244639407512ef08e5547b8d6') in 0.061612 seconds 
========================================================================
Received Prepare
Registering precompiled user dll's ...
Registered in 0.027029 seconds.
Begin MonoManager ReloadAssembly
Symbol file LoadedFromMemory doesn't match image C:\Users\530008\OneDrive - eastsussexcollegegroup\Documents\New folder\Library\PackageCache\com.unity.visualscripting@1.7.8\Editor\VisualScripting.Core\Dependencies\YamlDotNet\Unity.VisualScripting.YamlDotNet.dll
Symbol file LoadedFromMemory doesn't match image C:\Users\530008\OneDrive - eastsussexcollegegroup\Documents\New folder\Library\PackageCache\com.unity.visualscripting@1.7.8\Editor\VisualScripting.Core\Dependencies\DotNetZip\Unity.VisualScripting.IonicZip.dll
Native extension for UWP target not found
Native extension for LinuxStandalone target not found
Native extension for WindowsStandalone target not found
Native extension for AppleTV target not found
Native extension for iOS target not found
Native extension for Android target not found
Native extension for OSXStandalone target not found
Native extension for WebGL target not found
Refreshing native plugins compatible for Editor in 2.49 ms, found 3 plugins.
Preloading 0 native plugins for Editor in 0.00 ms.
Mono: successfully reloaded assembly
- Completed reload, in  3.876 seconds
Domain Reload Profiling:
	ReloadAssembly (3877ms)
		BeginReloadAssembly (358ms)
			ExecutionOrderSort (0ms)
			DisableScriptedObjects (11ms)
			BackupInstance (0ms)
			ReleaseScriptingObjects (0ms)
			CreateAndSetChildDomain (100ms)
		EndReloadAssembly (3100ms)
			LoadAssemblies (291ms)
			RebuildTransferFunctionScriptingTraits (0ms)
			SetupTypeCache (1103ms)
				TypeCache.Initialize (1072ms)
					TypeCache.ScanAssembly (1061ms)
				ResolveRequiredComponents (31ms)
			ReleaseScriptCaches (5ms)
			RebuildScriptCaches (103ms)
			SetupLoadedEditorAssemblies (1398ms)
				LogAssemblyErrors (0ms)
				InitializePlatformSupportModulesInManaged (118ms)
				SetLoadedEditorAssemblies (11ms)
				RefreshPlugins (3ms)
				BeforeProcessingInitializeOnLoad (224ms)
				ProcessInitializeOnLoadAttributes (736ms)
				ProcessInitializeOnLoadMethodAttributes (230ms)
				AfterProcessingInitializeOnLoad (77ms)
				EditorAssembliesLoaded (1ms)
			ExecutionOrderSort2 (0ms)
			AwakeInstancesAfterBackupRestoration (23ms)
Platform modules already initialized, skipping
Refreshing native plugins compatible for Editor in 6.61 ms, found 3 plugins.
Preloading 0 native plugins for Editor in 0.00 ms.
Unloading 5718 Unused Serialized files (Serialized files now loaded: 0)
Unloading 28 unused Assets / (380.6 KB). Loaded Objects now: 6458.
Memory consumption went from 0.90 GB to 0.90 GB.
Total: 7.688800 ms (FindLiveObjects: 0.652600 ms CreateObjectMapping: 0.735200 ms MarkObjects: 6.056900 ms  DeleteObjects: 0.242200 ms)

AssetImportParameters requested are different than current active one (requested -> active):
  custom:video-decoder-ogg-theora: a1e56fd34408186e4bbccfd4996cb3dc -> 
  custom:container-muxer-webm: aa71ff27fc2769a1b78a27578f13a17b -> 
  custom:container-demuxer-webm: 4f35f7cbe854078d1ac9338744f61a02 -> 
  custom:video-encoder-webm-vp8: eb34c28f22e8b96e1ab97ce403110664 -> 
  custom:audio-encoder-webm-vorbis: bf7c407c2cedff20999df2af8eb42d56 -> 
  custom:framework-win-MediaFoundation: 216162199b28c13a410421893ffa2e32 -> 
  custom:container-demuxer-ogg: 62fdf1f143b41e24485cea50d1cbac27 -> 
  custom:video-decoder-webm-vp8: 9c59270c3fd7afecdb556c50c9e8de78 -> 
  custom:audio-decoder-ogg-vorbis: bf7c407c2cedff20999df2af8eb42d56 -> 
========================================================================
Received Prepare
Registering precompiled user dll's ...
Registered in 0.027511 seconds.
Begin MonoManager ReloadAssembly
Symbol file LoadedFromMemory doesn't match image C:\Users\530008\OneDrive - eastsussexcollegegroup\Documents\New folder\Library\PackageCache\com.unity.visualscripting@1.7.8\Editor\VisualScripting.Core\Dependencies\YamlDotNet\Unity.VisualScripting.YamlDotNet.dll
Symbol file LoadedFromMemory doesn't match image C:\Users\530008\OneDrive - eastsussexcollegegroup\Documents\New folder\Library\PackageCache\com.unity.visualscripting@1.7.8\Editor\VisualScripting.Core\Dependencies\DotNetZip\Unity.VisualScripting.IonicZip.dll
Native extension for UWP target not found
Native extension for LinuxStandalone target not found
Native extension for WindowsStandalone target not found
Native extension for AppleTV target not found
Native extension for iOS target not found
Native extension for Android target not found
Native extension for OSXStandalone target not found
Native extension for WebGL target not found
Refreshing native plugins compatible for Editor in 2.78 ms, found 3 plugins.
Preloading 0 native plugins for Editor in 0.00 ms.
Mono: successfully reloaded assembly
- Completed reload, in  3.479 seconds
Domain Reload Profiling:
	ReloadAssembly (3480ms)
		BeginReloadAssembly (397ms)
			ExecutionOrderSort (0ms)
			DisableScriptedObjects (12ms)
			BackupInstance (0ms)
			ReleaseScriptingObjects (0ms)
			CreateAndSetChildDomain (106ms)
		EndReloadAssembly (2806ms)
			LoadAssemblies (325ms)
			RebuildTransferFunctionScriptingTraits (0ms)
			SetupTypeCache (790ms)
				TypeCache.Initialize (758ms)
					TypeCache.ScanAssembly (745ms)
				ResolveRequiredComponents (33ms)
			ReleaseScriptCaches (4ms)
			RebuildScriptCaches (134ms)
			SetupLoadedEditorAssemblies (1395ms)
				LogAssemblyErrors (0ms)
				InitializePlatformSupportModulesInManaged (138ms)
				SetLoadedEditorAssemblies (14ms)
				RefreshPlugins (3ms)
				BeforeProcessingInitializeOnLoad (293ms)
				ProcessInitializeOnLoadAttributes (666ms)
				ProcessInitializeOnLoadMethodAttributes (201ms)
				AfterProcessingInitializeOnLoad (79ms)
				EditorAssembliesLoaded (0ms)
			ExecutionOrderSort2 (0ms)
			AwakeInstancesAfterBackupRestoration (34ms)
Platform modules already initialized, skipping
Refreshing native plugins compatible for Editor in 8.49 ms, found 3 plugins.
Preloading 0 native plugins for Editor in 0.00 ms.
Unloading 5718 Unused Serialized files (Serialized files now loaded: 0)
Unloading 28 unused Assets / (380.6 KB). Loaded Objects now: 6474.
Memory consumption went from 0.90 GB to 0.90 GB.
Total: 7.188500 ms (FindLiveObjects: 0.805400 ms CreateObjectMapping: 0.648200 ms MarkObjects: 5.564300 ms  DeleteObjects: 0.169000 ms)

AssetImportParameters requested are different than current active one (requested -> active):
  custom:video-decoder-ogg-theora: a1e56fd34408186e4bbccfd4996cb3dc -> 
  custom:container-muxer-webm: aa71ff27fc2769a1b78a27578f13a17b -> 
  custom:container-demuxer-webm: 4f35f7cbe854078d1ac9338744f61a02 -> 
  custom:video-encoder-webm-vp8: eb34c28f22e8b96e1ab97ce403110664 -> 
  custom:audio-encoder-webm-vorbis: bf7c407c2cedff20999df2af8eb42d56 -> 
  custom:framework-win-MediaFoundation: 216162199b28c13a410421893ffa2e32 -> 
  custom:container-demuxer-ogg: 62fdf1f143b41e24485cea50d1cbac27 -> 
  custom:video-decoder-webm-vp8: 9c59270c3fd7afecdb556c50c9e8de78 -> 
  custom:audio-decoder-ogg-vorbis: bf7c407c2cedff20999df2af8eb42d56 -> 
========================================================================
Received Prepare
Registering precompiled user dll's ...
Registered in 0.026646 seconds.
Begin MonoManager ReloadAssembly
Symbol file LoadedFromMemory doesn't match image C:\Users\530008\OneDrive - eastsussexcollegegroup\Documents\New folder\Library\PackageCache\com.unity.visualscripting@1.7.8\Editor\VisualScripting.Core\Dependencies\YamlDotNet\Unity.VisualScripting.YamlDotNet.dll
Symbol file LoadedFromMemory doesn't match image C:\Users\530008\OneDrive - eastsussexcollegegroup\Documents\New folder\Library\PackageCache\com.unity.visualscripting@1.7.8\Editor\VisualScripting.Core\Dependencies\DotNetZip\Unity.VisualScripting.IonicZip.dll
Native extension for UWP target not found
Native extension for LinuxStandalone target not found
Native extension for WindowsStandalone target not found
Native extension for AppleTV target not found
Native extension for iOS target not found
Native extension for Android target not found
Native extension for OSXStandalone target not found
Native extension for WebGL target not found
Refreshing native plugins compatible for Editor in 2.31 ms, found 3 plugins.
Preloading 0 native plugins for Editor in 0.00 ms.
Mono: successfully reloaded assembly
- Completed reload, in  3.564 seconds
Domain Reload Profiling:
	ReloadAssembly (3566ms)
		BeginReloadAssembly (345ms)
			ExecutionOrderSort (0ms)
			DisableScriptedObjects (12ms)
			BackupInstance (0ms)
			ReleaseScriptingObjects (0ms)
			CreateAndSetChildDomain (79ms)
		EndReloadAssembly (2820ms)
			LoadAssemblies (299ms)
			RebuildTransferFunctionScriptingTraits (0ms)
			SetupTypeCache (1014ms)
				TypeCache.Initialize (989ms)
					TypeCache.ScanAssembly (978ms)
				ResolveRequiredComponents (26ms)
			ReleaseScriptCaches (3ms)
			RebuildScriptCaches (102ms)
			SetupLoadedEditorAssemblies (1268ms)
				LogAssemblyErrors (0ms)
				InitializePlatformSupportModulesInManaged (123ms)
				SetLoadedEditorAssemblies (11ms)
				RefreshPlugins (2ms)
				BeforeProcessingInitializeOnLoad (222ms)
				ProcessInitializeOnLoadAttributes (670ms)
				ProcessInitializeOnLoadMethodAttributes (198ms)
				AfterProcessingInitializeOnLoad (40ms)
				EditorAssembliesLoaded (0ms)
			ExecutionOrderSort2 (0ms)
			AwakeInstancesAfterBackupRestoration (20ms)
Platform modules already initialized, skipping
Refreshing native plugins compatible for Editor in 8.25 ms, found 3 plugins.
Preloading 0 native plugins for Editor in 0.00 ms.
Unloading 5718 Unused Serialized files (Serialized files now loaded: 0)
Unloading 28 unused Assets / (380.6 KB). Loaded Objects now: 6490.
Memory consumption went from 0.90 GB to 0.90 GB.
Total: 9.010000 ms (FindLiveObjects: 0.649800 ms CreateObjectMapping: 0.902300 ms MarkObjects: 7.295400 ms  DeleteObjects: 0.161100 ms)

AssetImportParameters requested are different than current active one (requested -> active):
  custom:video-decoder-ogg-theora: a1e56fd34408186e4bbccfd4996cb3dc -> 
  custom:container-muxer-webm: aa71ff27fc2769a1b78a27578f13a17b -> 
  custom:container-demuxer-webm: 4f35f7cbe854078d1ac9338744f61a02 -> 
  custom:video-encoder-webm-vp8: eb34c28f22e8b96e1ab97ce403110664 -> 
  custom:audio-encoder-webm-vorbis: bf7c407c2cedff20999df2af8eb42d56 -> 
  custom:framework-win-MediaFoundation: 216162199b28c13a410421893ffa2e32 -> 
  custom:container-demuxer-ogg: 62fdf1f143b41e24485cea50d1cbac27 -> 
  custom:video-decoder-webm-vp8: 9c59270c3fd7afecdb556c50c9e8de78 -> 
  custom:audio-decoder-ogg-vorbis: bf7c407c2cedff20999df2af8eb42d56 -> 
========================================================================
Received Prepare
Registering precompiled user dll's ...
Registered in 0.023782 seconds.
Begin MonoManager ReloadAssembly
Symbol file LoadedFromMemory doesn't match image C:\Users\530008\OneDrive - eastsussexcollegegroup\Documents\New folder\Library\PackageCache\com.unity.visualscripting@1.7.8\Editor\VisualScripting.Core\Dependencies\YamlDotNet\Unity.VisualScripting.YamlDotNet.dll
Symbol file LoadedFromMemory doesn't match image C:\Users\530008\OneDrive - eastsussexcollegegroup\Documents\New folder\Library\PackageCache\com.unity.visualscripting@1.7.8\Editor\VisualScripting.Core\Dependencies\DotNetZip\Unity.VisualScripting.IonicZip.dll
Native extension for UWP target not found
Native extension for LinuxStandalone target not found
Native extension for WindowsStandalone target not found
Native extension for AppleTV target not found
Native extension for iOS target not found
Native extension for Android target not found
Native extension for OSXStandalone target not found
Native extension for WebGL target not found
Refreshing native plugins compatible for Editor in 3.81 ms, found 3 plugins.
Preloading 0 native plugins for Editor in 0.00 ms.
Mono: successfully reloaded assembly
- Completed reload, in  2.750 seconds
Domain Reload Profiling:
	ReloadAssembly (2752ms)
		BeginReloadAssembly (275ms)
			ExecutionOrderSort (0ms)
			DisableScriptedObjects (10ms)
			BackupInstance (0ms)
			ReleaseScriptingObjects (0ms)
			CreateAndSetChildDomain (64ms)
		EndReloadAssembly (2257ms)
			LoadAssemblies (259ms)
			RebuildTransferFunctionScriptingTraits (0ms)
			SetupTypeCache (588ms)
				TypeCache.Initialize (561ms)
					TypeCache.ScanAssembly (551ms)
				ResolveRequiredComponents (27ms)
			ReleaseScriptCaches (5ms)
			RebuildScriptCaches (104ms)
			SetupLoadedEditorAssemblies (1142ms)
				LogAssemblyErrors (0ms)
				InitializePlatformSupportModulesInManaged (137ms)
				SetLoadedEditorAssemblies (13ms)
				RefreshPlugins (4ms)
				BeforeProcessingInitializeOnLoad (229ms)
				ProcessInitializeOnLoadAttributes (556ms)
				ProcessInitializeOnLoadMethodAttributes (153ms)
				AfterProcessingInitializeOnLoad (49ms)
				EditorAssembliesLoaded (0ms)
			ExecutionOrderSort2 (0ms)
			AwakeInstancesAfterBackupRestoration (20ms)
Platform modules already initialized, skipping
Refreshing native plugins compatible for Editor in 12.42 ms, found 3 plugins.
Preloading 0 native plugins for Editor in 0.00 ms.
Unloading 5718 Unused Serialized files (Serialized files now loaded: 0)
Unloading 28 unused Assets / (380.6 KB). Loaded Objects now: 6506.
Memory consumption went from 0.90 GB to 0.90 GB.
Total: 6.228900 ms (FindLiveObjects: 0.486900 ms CreateObjectMapping: 0.560000 ms MarkObjects: 5.061500 ms  DeleteObjects: 0.119500 ms)

AssetImportParameters requested are different than current active one (requested -> active):
  custom:video-decoder-ogg-theora: a1e56fd34408186e4bbccfd4996cb3dc -> 
  custom:container-muxer-webm: aa71ff27fc2769a1b78a27578f13a17b -> 
  custom:container-demuxer-webm: 4f35f7cbe854078d1ac9338744f61a02 -> 
  custom:video-encoder-webm-vp8: eb34c28f22e8b96e1ab97ce403110664 -> 
  custom:audio-encoder-webm-vorbis: bf7c407c2cedff20999df2af8eb42d56 -> 
  custom:framework-win-MediaFoundation: 216162199b28c13a410421893ffa2e32 -> 
  custom:container-demuxer-ogg: 62fdf1f143b41e24485cea50d1cbac27 -> 
  custom:video-decoder-webm-vp8: 9c59270c3fd7afecdb556c50c9e8de78 -> 
  custom:audio-decoder-ogg-vorbis: bf7c407c2cedff20999df2af8eb42d56 -> 
========================================================================
Received Prepare
Registering precompiled user dll's ...
Registered in 0.029373 seconds.
Begin MonoManager ReloadAssembly
Symbol file LoadedFromMemory doesn't match image C:\Users\530008\OneDrive - eastsussexcollegegroup\Documents\New folder\Library\PackageCache\com.unity.visualscripting@1.7.8\Editor\VisualScripting.Core\Dependencies\YamlDotNet\Unity.VisualScripting.YamlDotNet.dll
Symbol file LoadedFromMemory doesn't match image C:\Users\530008\OneDrive - eastsussexcollegegroup\Documents\New folder\Library\PackageCache\com.unity.visualscripting@1.7.8\Editor\VisualScripting.Core\Dependencies\DotNetZip\Unity.VisualScripting.IonicZip.dll
Native extension for UWP target not found
Native extension for LinuxStandalone target not found
Native extension for WindowsStandalone target not found
Native extension for AppleTV target not found
Native extension for iOS target not found
Native extension for Android target not found
Native extension for OSXStandalone target not found
Native extension for WebGL target not found
Refreshing native plugins compatible for Editor in 2.15 ms, found 3 plugins.
Preloading 0 native plugins for Editor in 0.00 ms.
Mono: successfully reloaded assembly
- Completed reload, in  2.820 seconds
Domain Reload Profiling:
	ReloadAssembly (2821ms)
		BeginReloadAssembly (330ms)
			ExecutionOrderSort (0ms)
			DisableScriptedObjects (10ms)
			BackupInstance (0ms)
			ReleaseScriptingObjects (0ms)
			CreateAndSetChildDomain (90ms)
		EndReloadAssembly (2217ms)
			LoadAssemblies (293ms)
			RebuildTransferFunctionScriptingTraits (0ms)
			SetupTypeCache (619ms)
				TypeCache.Initialize (593ms)
					TypeCache.ScanAssembly (582ms)
				ResolveRequiredComponents (26ms)
			ReleaseScriptCaches (4ms)
			RebuildScriptCaches (96ms)
			SetupLoadedEditorAssemblies (1105ms)
				LogAssemblyErrors (0ms)
				InitializePlatformSupportModulesInManaged (117ms)
				SetLoadedEditorAssemblies (12ms)
				RefreshPlugins (2ms)
				BeforeProcessingInitializeOnLoad (222ms)
				ProcessInitializeOnLoadAttributes (556ms)
				ProcessInitializeOnLoadMethodAttributes (149ms)
				AfterProcessingInitializeOnLoad (46ms)
				EditorAssembliesLoaded (0ms)
			ExecutionOrderSort2 (0ms)
			AwakeInstancesAfterBackupRestoration (20ms)
Platform modules already initialized, skipping
Refreshing native plugins compatible for Editor in 6.56 ms, found 3 plugins.
Preloading 0 native plugins for Editor in 0.00 ms.
Unloading 5718 Unused Serialized files (Serialized files now loaded: 0)
Unloading 28 unused Assets / (380.6 KB). Loaded Objects now: 6522.
Memory consumption went from 0.90 GB to 0.90 GB.
Total: 9.974600 ms (FindLiveObjects: 0.666600 ms CreateObjectMapping: 0.833600 ms MarkObjects: 8.321200 ms  DeleteObjects: 0.151800 ms)

AssetImportParameters requested are different than current active one (requested -> active):
  custom:video-decoder-ogg-theora: a1e56fd34408186e4bbccfd4996cb3dc -> 
  custom:container-muxer-webm: aa71ff27fc2769a1b78a27578f13a17b -> 
  custom:container-demuxer-webm: 4f35f7cbe854078d1ac9338744f61a02 -> 
  custom:video-encoder-webm-vp8: eb34c28f22e8b96e1ab97ce403110664 -> 
  custom:audio-encoder-webm-vorbis: bf7c407c2cedff20999df2af8eb42d56 -> 
  custom:framework-win-MediaFoundation: 216162199b28c13a410421893ffa2e32 -> 
  custom:container-demuxer-ogg: 62fdf1f143b41e24485cea50d1cbac27 -> 
  custom:video-decoder-webm-vp8: 9c59270c3fd7afecdb556c50c9e8de78 -> 
  custom:audio-decoder-ogg-vorbis: bf7c407c2cedff20999df2af8eb42d56 -> 
========================================================================
Received Prepare
Registering precompiled user dll's ...
Registered in 0.027963 seconds.
Begin MonoManager ReloadAssembly
Symbol file LoadedFromMemory doesn't match image C:\Users\530008\OneDrive - eastsussexcollegegroup\Documents\New folder\Library\PackageCache\com.unity.visualscripting@1.7.8\Editor\VisualScripting.Core\Dependencies\YamlDotNet\Unity.VisualScripting.YamlDotNet.dll
Symbol file LoadedFromMemory doesn't match image C:\Users\530008\OneDrive - eastsussexcollegegroup\Documents\New folder\Library\PackageCache\com.unity.visualscripting@1.7.8\Editor\VisualScripting.Core\Dependencies\DotNetZip\Unity.VisualScripting.IonicZip.dll
Native extension for UWP target not found
Native extension for LinuxStandalone target not found
Native extension for WindowsStandalone target not found
Native extension for AppleTV target not found
Native extension for iOS target not found
Native extension for Android target not found
Native extension for OSXStandalone target not found
Native extension for WebGL target not found
Refreshing native plugins compatible for Editor in 2.20 ms, found 3 plugins.
Preloading 0 native plugins for Editor in 0.00 ms.
Mono: successfully reloaded assembly
- Completed reload, in  3.744 seconds
Domain Reload Profiling:
	ReloadAssembly (3745ms)
		BeginReloadAssembly (349ms)
			ExecutionOrderSort (0ms)
			DisableScriptedObjects (10ms)
			BackupInstance (0ms)
			ReleaseScriptingObjects (0ms)
			CreateAndSetChildDomain (80ms)
		EndReloadAssembly (2931ms)
			LoadAssemblies (301ms)
			RebuildTransferFunctionScriptingTraits (0ms)
			SetupTypeCache (1077ms)
				TypeCache.Initialize (1050ms)
					TypeCache.ScanAssembly (1038ms)
				ResolveRequiredComponents (27ms)
			ReleaseScriptCaches (3ms)
			RebuildScriptCaches (102ms)
			SetupLoadedEditorAssemblies (1293ms)
				LogAssemblyErrors (0ms)
				InitializePlatformSupportModulesInManaged (113ms)
				SetLoadedEditorAssemblies (10ms)
				RefreshPlugins (2ms)
				BeforeProcessingInitializeOnLoad (229ms)
				ProcessInitializeOnLoadAttributes (722ms)
				ProcessInitializeOnLoadMethodAttributes (157ms)
				AfterProcessingInitializeOnLoad (60ms)
				EditorAssembliesLoaded (0ms)
			ExecutionOrderSort2 (0ms)
			AwakeInstancesAfterBackupRestoration (22ms)
Platform modules already initialized, skipping
Refreshing native plugins compatible for Editor in 6.03 ms, found 3 plugins.
Preloading 0 native plugins for Editor in 0.00 ms.
Unloading 5718 Unused Serialized files (Serialized files now loaded: 0)
Unloading 28 unused Assets / (381.6 KB). Loaded Objects now: 6538.
Memory consumption went from 0.90 GB to 0.90 GB.
Total: 8.210400 ms (FindLiveObjects: 0.536300 ms CreateObjectMapping: 0.808500 ms MarkObjects: 6.689700 ms  DeleteObjects: 0.174600 ms)

AssetImportParameters requested are different than current active one (requested -> active):
  custom:video-decoder-ogg-theora: a1e56fd34408186e4bbccfd4996cb3dc -> 
  custom:container-muxer-webm: aa71ff27fc2769a1b78a27578f13a17b -> 
  custom:container-demuxer-webm: 4f35f7cbe854078d1ac9338744f61a02 -> 
  custom:video-encoder-webm-vp8: eb34c28f22e8b96e1ab97ce403110664 -> 
  custom:audio-encoder-webm-vorbis: bf7c407c2cedff20999df2af8eb42d56 -> 
  custom:framework-win-MediaFoundation: 216162199b28c13a410421893ffa2e32 -> 
  custom:container-demuxer-ogg: 62fdf1f143b41e24485cea50d1cbac27 -> 
  custom:video-decoder-webm-vp8: 9c59270c3fd7afecdb556c50c9e8de78 -> 
  custom:audio-decoder-ogg-vorbis: bf7c407c2cedff20999df2af8eb42d56 -> 
