Using pre-set license
Built from '2022.1/staging' branch; Version is '2022.1.16f1 (7321c9670bc2) revision 7545289'; Using compiler version '192829333'; Build Type 'Release'
OS: 'Windows 10  (10.0.19045) 64bit Professional' Language: 'en' Physical Memory: 32699 MB
BatchMode: 1, IsHumanControllingUs: 0, StartBugReporterOnCrash: 0, Is64bit: 1, IsPro: 1

COMMAND LINE ARGUMENTS:
C:\Program Files\Unity\Hub\Editor\2022.1.16f1\Editor\Unity.exe
-adb2
-batchMode
-noUpm
-name
AssetImportWorker5
-projectPath
C:/Users/1/Documents/LEGO-King-Arthur
-logFile
Logs/AssetImportWorker5.log
-srvPort
58225
Successfully changed project path to: C:/Users/1/Documents/LEGO-King-Arthur
C:/Users/1/Documents/LEGO-King-Arthur
[UnityMemory] Configuration Parameters - Can be set up in boot.config
    "memorysetup-bucket-allocator-granularity=16"
    "memorysetup-bucket-allocator-bucket-count=8"
    "memorysetup-bucket-allocator-block-size=33554432"
    "memorysetup-bucket-allocator-block-count=8"
    "memorysetup-main-allocator-block-size=16777216"
    "memorysetup-thread-allocator-block-size=16777216"
    "memorysetup-gfx-main-allocator-block-size=16777216"
    "memorysetup-gfx-thread-allocator-block-size=16777216"
    "memorysetup-cache-allocator-block-size=4194304"
    "memorysetup-typetree-allocator-block-size=2097152"
    "memorysetup-profiler-bucket-allocator-granularity=16"
    "memorysetup-profiler-bucket-allocator-bucket-count=8"
    "memorysetup-profiler-bucket-allocator-block-size=33554432"
    "memorysetup-profiler-bucket-allocator-block-count=8"
    "memorysetup-profiler-allocator-block-size=16777216"
    "memorysetup-profiler-editor-allocator-block-size=1048576"
    "memorysetup-temp-allocator-size-main=16777216"
    "memorysetup-job-temp-allocator-block-size=2097152"
    "memorysetup-job-temp-allocator-block-size-background=1048576"
    "memorysetup-job-temp-allocator-reduction-small-platforms=262144"
    "memorysetup-temp-allocator-size-background-worker=32768"
    "memorysetup-temp-allocator-size-job-worker=262144"
    "memorysetup-temp-allocator-size-preload-manager=33554432"
    "memorysetup-temp-allocator-size-nav-mesh-worker=65536"
    "memorysetup-temp-allocator-size-audio-worker=65536"
    "memorysetup-temp-allocator-size-cloud-worker=32768"
    "memorysetup-temp-allocator-size-gi-baking-worker=262144"
    "memorysetup-temp-allocator-size-gfx=262144"
Refreshing native plugins compatible for Editor in 164.30 ms, found 3 plugins.
Preloading 0 native plugins for Editor in 0.00 ms.
Initialize engine version: 2022.1.16f1 (7321c9670bc2)
[Subsystems] Discovering subsystems at path C:/Program Files/Unity/Hub/Editor/2022.1.16f1/Editor/Data/Resources/UnitySubsystems
[Subsystems] Discovering subsystems at path C:/Users/1/Documents/LEGO-King-Arthur/Assets
GfxDevice: creating device client; threaded=0; jobified=0
Direct3D:
    Version:  Direct3D 11.0 [level 11.1]
    Renderer: NVIDIA GeForce RTX 4060 (ID=0x2882)
    Vendor:   NVIDIA
    VRAM:     7971 MB
    Driver:   31.0.15.3758
Initialize mono
Mono path[0] = 'C:/Program Files/Unity/Hub/Editor/2022.1.16f1/Editor/Data/Managed'
Mono path[1] = 'C:/Program Files/Unity/Hub/Editor/2022.1.16f1/Editor/Data/MonoBleedingEdge/lib/mono/unityjit-win32'
Mono config path = 'C:/Program Files/Unity/Hub/Editor/2022.1.16f1/Editor/Data/MonoBleedingEdge/etc'
Using monoOptions --debugger-agent=transport=dt_socket,embedding=1,server=y,suspend=n,address=127.0.0.1:56764
Begin MonoManager ReloadAssembly
Registering precompiled unity dll's ...
Register platform support module: C:/Program Files/Unity/Hub/Editor/2022.1.16f1/Editor/Data/PlaybackEngines/WindowsStandaloneSupport/UnityEditor.WindowsStandalone.Extensions.dll
Registered in 0.009315 seconds.
Native extension for WindowsStandalone target not found
Refreshing native plugins compatible for Editor in 127.14 ms, found 3 plugins.
Preloading 0 native plugins for Editor in 0.00 ms.
Mono: successfully reloaded assembly
- Completed reload, in  0.698 seconds
Domain Reload Profiling:
	ReloadAssembly (699ms)
		BeginReloadAssembly (70ms)
			ExecutionOrderSort (0ms)
			DisableScriptedObjects (0ms)
			BackupInstance (0ms)
			ReleaseScriptingObjects (0ms)
			CreateAndSetChildDomain (1ms)
		EndReloadAssembly (516ms)
			LoadAssemblies (67ms)
			RebuildTransferFunctionScriptingTraits (0ms)
			SetupTypeCache (118ms)
				TypeCache.Initialize (118ms)
					TypeCache.ScanAssembly (117ms)
				ResolveRequiredComponents (0ms)
			ReleaseScriptCaches (0ms)
			RebuildScriptCaches (23ms)
			SetupLoadedEditorAssemblies (322ms)
				LogAssemblyErrors (0ms)
				InitializePlatformSupportModulesInManaged (8ms)
				SetLoadedEditorAssemblies (5ms)
				RefreshPlugins (127ms)
				BeforeProcessingInitializeOnLoad (1ms)
				ProcessInitializeOnLoadAttributes (115ms)
				ProcessInitializeOnLoadMethodAttributes (66ms)
				AfterProcessingInitializeOnLoad (0ms)
				EditorAssembliesLoaded (0ms)
			ExecutionOrderSort2 (0ms)
			AwakeInstancesAfterBackupRestoration (0ms)
Platform modules already initialized, skipping
Registering precompiled user dll's ...
Registered in 0.010226 seconds.
Begin MonoManager ReloadAssembly
Symbol file LoadedFromMemory doesn't match image C:\Users\1\Documents\LEGO-King-Arthur\Library\PackageCache\com.unity.visualscripting@1.7.8\Editor\VisualScripting.Core\Dependencies\YamlDotNet\Unity.VisualScripting.YamlDotNet.dll
Symbol file LoadedFromMemory doesn't match image C:\Users\1\Documents\LEGO-King-Arthur\Library\PackageCache\com.unity.visualscripting@1.7.8\Editor\VisualScripting.Core\Dependencies\DotNetZip\Unity.VisualScripting.IonicZip.dll
Native extension for WindowsStandalone target not found
Refreshing native plugins compatible for Editor in 145.33 ms, found 3 plugins.
Preloading 0 native plugins for Editor in 0.00 ms.
Mono: successfully reloaded assembly
- Completed reload, in  1.453 seconds
Domain Reload Profiling:
	ReloadAssembly (1454ms)
		BeginReloadAssembly (124ms)
			ExecutionOrderSort (0ms)
			DisableScriptedObjects (4ms)
			BackupInstance (0ms)
			ReleaseScriptingObjects (0ms)
			CreateAndSetChildDomain (27ms)
		EndReloadAssembly (1210ms)
			LoadAssemblies (99ms)
			RebuildTransferFunctionScriptingTraits (0ms)
			SetupTypeCache (327ms)
				TypeCache.Initialize (312ms)
					TypeCache.ScanAssembly (306ms)
				ResolveRequiredComponents (15ms)
			ReleaseScriptCaches (1ms)
			RebuildScriptCaches (72ms)
			SetupLoadedEditorAssemblies (665ms)
				LogAssemblyErrors (0ms)
				InitializePlatformSupportModulesInManaged (6ms)
				SetLoadedEditorAssemblies (5ms)
				RefreshPlugins (145ms)
				BeforeProcessingInitializeOnLoad (138ms)
				ProcessInitializeOnLoadAttributes (290ms)
				ProcessInitializeOnLoadMethodAttributes (71ms)
				AfterProcessingInitializeOnLoad (10ms)
				EditorAssembliesLoaded (0ms)
			ExecutionOrderSort2 (0ms)
			AwakeInstancesAfterBackupRestoration (5ms)
Platform modules already initialized, skipping
========================================================================
Worker process is ready to serve import requests
Launched and connected shader compiler UnityShaderCompiler.exe after 0.04 seconds
Refreshing native plugins compatible for Editor in 1.25 ms, found 3 plugins.
Preloading 0 native plugins for Editor in 0.00 ms.
Unloading 5856 Unused Serialized files (Serialized files now loaded: 0)
Unloading 47 unused Assets / (420.6 KB). Loaded Objects now: 6310.
Memory consumption went from 0.91 GB to 0.91 GB.
Total: 4.073300 ms (FindLiveObjects: 0.569300 ms CreateObjectMapping: 0.139900 ms MarkObjects: 3.171200 ms  DeleteObjects: 0.191900 ms)

AssetImportParameters requested are different than current active one (requested -> active):
  custom:video-decoder-ogg-theora: a1e56fd34408186e4bbccfd4996cb3dc -> 
  custom:container-muxer-webm: aa71ff27fc2769a1b78a27578f13a17b -> 
  custom:container-demuxer-webm: 4f35f7cbe854078d1ac9338744f61a02 -> 
  custom:video-encoder-webm-vp8: eb34c28f22e8b96e1ab97ce403110664 -> 
  custom:video-codec-MediaFoundation-h265: e54d7ab0439102e2317fc1e4b246158d -> 
  custom:audio-encoder-webm-vorbis: bf7c407c2cedff20999df2af8eb42d56 -> 
  custom:framework-win-MediaFoundation: 216162199b28c13a410421893ffa2e32 -> 
  custom:container-demuxer-ogg: 62fdf1f143b41e24485cea50d1cbac27 -> 
  custom:video-decoder-webm-vp8: 9c59270c3fd7afecdb556c50c9e8de78 -> 
  custom:audio-decoder-ogg-vorbis: bf7c407c2cedff20999df2af8eb42d56 -> 
========================================================================
Received Import Request.
  Time since last request: 35237.462992 seconds.
  path: Assets/LEGO Data/Connectivity/2420.prefab
  artifactKey: Guid(09642eb9cb348d74586ee041486e5a48) Importer(815301076,1909f56bfc062723c751e8b465ee728b)
Start importing Assets/LEGO Data/Connectivity/2420.prefab using Guid(09642eb9cb348d74586ee041486e5a48) Importer(815301076,1909f56bfc062723c751e8b465ee728b)  -> (artifact id: 'c460252e3d9567d16e42d29042f5a054') in 0.071987 seconds 
========================================================================
Received Import Request.
  Time since last request: 0.000023 seconds.
  path: Assets/LEGO Data/Connectivity/3747.prefab
  artifactKey: Guid(6aa8488b74973f849a4463569dccca91) Importer(815301076,1909f56bfc062723c751e8b465ee728b)
Start importing Assets/LEGO Data/Connectivity/3747.prefab using Guid(6aa8488b74973f849a4463569dccca91) Importer(815301076,1909f56bfc062723c751e8b465ee728b)  -> (artifact id: '35f8c8a03af2a02d26a24f850df9c175') in 0.013532 seconds 
========================================================================
Received Import Request.
  Time since last request: 0.000023 seconds.
  path: Assets/LEGO Data/Connectivity/3817.prefab
  artifactKey: Guid(6a7d66cca77058746a7a5d759cce79f6) Importer(815301076,1909f56bfc062723c751e8b465ee728b)
Start importing Assets/LEGO Data/Connectivity/3817.prefab using Guid(6a7d66cca77058746a7a5d759cce79f6) Importer(815301076,1909f56bfc062723c751e8b465ee728b)  -> (artifact id: 'c39189c1e85465f5587f96c6446fae68') in 0.015761 seconds 
========================================================================
Received Import Request.
  Time since last request: 0.000025 seconds.
  path: Assets/LEGO Data/Connectivity/3032.prefab
  artifactKey: Guid(f9ec1b5c186c0c440ad4a66ede0c3dcd) Importer(815301076,1909f56bfc062723c751e8b465ee728b)
Start importing Assets/LEGO Data/Connectivity/3032.prefab using Guid(f9ec1b5c186c0c440ad4a66ede0c3dcd) Importer(815301076,1909f56bfc062723c751e8b465ee728b)  -> (artifact id: 'da40ea8a7ed45db793687d60bb1ed1b3') in 0.016909 seconds 
========================================================================
Received Import Request.
  Time since last request: 0.000029 seconds.
  path: Assets/LEGO Data/Connectivity/4287.prefab
  artifactKey: Guid(87de2a44e3d9ece4cad7b0ef2d085786) Importer(815301076,1909f56bfc062723c751e8b465ee728b)
Start importing Assets/LEGO Data/Connectivity/4287.prefab using Guid(87de2a44e3d9ece4cad7b0ef2d085786) Importer(815301076,1909f56bfc062723c751e8b465ee728b)  -> (artifact id: '1f4cd229a196ecabacdf2cf22386f1e1') in 0.016654 seconds 
========================================================================
Received Import Request.
  Time since last request: 0.000036 seconds.
  path: Assets/LEGO Data/Connectivity/3665.prefab
  artifactKey: Guid(4acc46b91fdf2174c9d103ac133df292) Importer(815301076,1909f56bfc062723c751e8b465ee728b)
Start importing Assets/LEGO Data/Connectivity/3665.prefab using Guid(4acc46b91fdf2174c9d103ac133df292) Importer(815301076,1909f56bfc062723c751e8b465ee728b)  -> (artifact id: 'e6184b8b052c6c5694ac6933efff1026') in 0.016311 seconds 
========================================================================
Received Import Request.
  Time since last request: 0.000161 seconds.
  path: Assets/LEGO Data/Connectivity/3666.prefab
  artifactKey: Guid(cbf35c82f783f58479e9bf00a6960ac3) Importer(815301076,1909f56bfc062723c751e8b465ee728b)
Start importing Assets/LEGO Data/Connectivity/3666.prefab using Guid(cbf35c82f783f58479e9bf00a6960ac3) Importer(815301076,1909f56bfc062723c751e8b465ee728b)  -> (artifact id: '9538a37e5c7ead24d95dc4b4ad0002e3') in 0.018426 seconds 
========================================================================
Received Import Request.
  Time since last request: 0.000028 seconds.
  path: Assets/LEGO Data/Connectivity/3004.prefab
  artifactKey: Guid(2a1c6a37a4eecc745a3cafb2596d4abb) Importer(815301076,1909f56bfc062723c751e8b465ee728b)
Start importing Assets/LEGO Data/Connectivity/3004.prefab using Guid(2a1c6a37a4eecc745a3cafb2596d4abb) Importer(815301076,1909f56bfc062723c751e8b465ee728b)  -> (artifact id: 'e7d53c867bff0026c47b77292481fe29') in 0.013052 seconds 
========================================================================
Received Import Request.
  Time since last request: 0.000031 seconds.
  path: Assets/LEGO Data/Connectivity/31576.prefab
  artifactKey: Guid(4b08655b85d4d214d90f070c84f61269) Importer(815301076,1909f56bfc062723c751e8b465ee728b)
Start importing Assets/LEGO Data/Connectivity/31576.prefab using Guid(4b08655b85d4d214d90f070c84f61269) Importer(815301076,1909f56bfc062723c751e8b465ee728b)  -> (artifact id: '247d44ef3594e4b561b805f178a60159') in 0.012750 seconds 
========================================================================
Received Import Request.
  Time since last request: 0.000020 seconds.
  path: Assets/LEGO Data/Connectivity/6143.prefab
  artifactKey: Guid(5b00a658e5862c745bbb6bde27f6ab17) Importer(815301076,1909f56bfc062723c751e8b465ee728b)
Start importing Assets/LEGO Data/Connectivity/6143.prefab using Guid(5b00a658e5862c745bbb6bde27f6ab17) Importer(815301076,1909f56bfc062723c751e8b465ee728b)  -> (artifact id: 'aae9bc8bc88df7c85afa31504434c778') in 0.014622 seconds 
========================================================================
Received Import Request.
  Time since last request: 0.000030 seconds.
  path: Assets/LEGO Data/Connectivity/6141.prefab
  artifactKey: Guid(aa1b9c63465c38b45a234cf0dcd8acdc) Importer(815301076,1909f56bfc062723c751e8b465ee728b)
Start importing Assets/LEGO Data/Connectivity/6141.prefab using Guid(aa1b9c63465c38b45a234cf0dcd8acdc) Importer(815301076,1909f56bfc062723c751e8b465ee728b)  -> (artifact id: '969c60a9b98ed3d2e635140e50c035f6') in 0.013837 seconds 
========================================================================
Received Import Request.
  Time since last request: 0.000033 seconds.
  path: Assets/LEGO Data/Connectivity/3623.prefab
  artifactKey: Guid(1471acd0d57fc9740b94f934804acfa2) Importer(815301076,1909f56bfc062723c751e8b465ee728b)
Start importing Assets/LEGO Data/Connectivity/3623.prefab using Guid(1471acd0d57fc9740b94f934804acfa2) Importer(815301076,1909f56bfc062723c751e8b465ee728b)  -> (artifact id: '183f5fde4a635592a5d1191d7522dcd7') in 0.012749 seconds 
========================================================================
Received Import Request.
  Time since last request: 0.000024 seconds.
  path: Assets/LEGO Data/Connectivity/4286.prefab
  artifactKey: Guid(3cdd73f80bf4f2048847c6b537c35311) Importer(815301076,1909f56bfc062723c751e8b465ee728b)
Start importing Assets/LEGO Data/Connectivity/4286.prefab using Guid(3cdd73f80bf4f2048847c6b537c35311) Importer(815301076,1909f56bfc062723c751e8b465ee728b)  -> (artifact id: '84ece239e827f74c36112139df521a0b') in 0.013532 seconds 
========================================================================
Received Import Request.
  Time since last request: 0.000020 seconds.
  path: Assets/LEGO Data/Connectivity/11212.prefab
  artifactKey: Guid(3dd77dcd96aefd34ba91055f57daa9d5) Importer(815301076,1909f56bfc062723c751e8b465ee728b)
Start importing Assets/LEGO Data/Connectivity/11212.prefab using Guid(3dd77dcd96aefd34ba91055f57daa9d5) Importer(815301076,1909f56bfc062723c751e8b465ee728b)  -> (artifact id: '1c23ba416ad696d830da6fea71bcbe37') in 0.014164 seconds 
========================================================================
Received Import Request.
  Time since last request: 0.000022 seconds.
  path: Assets/LEGO Data/Connectivity/11477.prefab
  artifactKey: Guid(97e29054c310a7e4f99a788dc7d3007f) Importer(815301076,1909f56bfc062723c751e8b465ee728b)
Start importing Assets/LEGO Data/Connectivity/11477.prefab using Guid(97e29054c310a7e4f99a788dc7d3007f) Importer(815301076,1909f56bfc062723c751e8b465ee728b)  -> (artifact id: '43355d34d64a4bb038e3a3f21f2fba7c') in 0.014192 seconds 
========================================================================
Received Import Request.
  Time since last request: 0.000029 seconds.
  path: Assets/LEGO Data/Connectivity/3021.prefab
  artifactKey: Guid(9df5110ddcd5830439a30cdc12e5a1cd) Importer(815301076,1909f56bfc062723c751e8b465ee728b)
Start importing Assets/LEGO Data/Connectivity/3021.prefab using Guid(9df5110ddcd5830439a30cdc12e5a1cd) Importer(815301076,1909f56bfc062723c751e8b465ee728b)  -> (artifact id: '0c480688c5d81bc554cafd1489eb852c') in 0.014340 seconds 
========================================================================
Received Import Request.
  Time since last request: 0.000020 seconds.
  path: Assets/LEGO Data/Connectivity/30176.prefab
  artifactKey: Guid(888687070f316be48a80d8316e87ce5e) Importer(815301076,1909f56bfc062723c751e8b465ee728b)
Start importing Assets/LEGO Data/Connectivity/30176.prefab using Guid(888687070f316be48a80d8316e87ce5e) Importer(815301076,1909f56bfc062723c751e8b465ee728b)  -> (artifact id: '5af7f04de1599165a9bce1cd73f1649a') in 0.013521 seconds 
========================================================================
Received Import Request.
  Time since last request: 0.000023 seconds.
  path: Assets/LEGO Data/Connectivity/6081.prefab
  artifactKey: Guid(d30e75aa1997c7843a4411fe7af462e8) Importer(815301076,1909f56bfc062723c751e8b465ee728b)
Start importing Assets/LEGO Data/Connectivity/6081.prefab using Guid(d30e75aa1997c7843a4411fe7af462e8) Importer(815301076,1909f56bfc062723c751e8b465ee728b)  -> (artifact id: '4e8979d91d690a5a99f520a196eba83e') in 0.015039 seconds 
========================================================================
Received Import Request.
  Time since last request: 0.000028 seconds.
  path: Assets/LEGO Data/Connectivity/3818.prefab
  artifactKey: Guid(d77b2727bea7adc4585bc26e89419b3e) Importer(815301076,1909f56bfc062723c751e8b465ee728b)
Start importing Assets/LEGO Data/Connectivity/3818.prefab using Guid(d77b2727bea7adc4585bc26e89419b3e) Importer(815301076,1909f56bfc062723c751e8b465ee728b)  -> (artifact id: '9720b5db0549fcd1f01b2da29f0706ce') in 0.012913 seconds 
========================================================================
Received Import Request.
  Time since last request: 0.000024 seconds.
  path: Assets/LEGO Data/Connectivity/30274.prefab
  artifactKey: Guid(6ac6772999d3ca64bb8caea5eaced7dd) Importer(815301076,1909f56bfc062723c751e8b465ee728b)
Start importing Assets/LEGO Data/Connectivity/30274.prefab using Guid(6ac6772999d3ca64bb8caea5eaced7dd) Importer(815301076,1909f56bfc062723c751e8b465ee728b)  -> (artifact id: '6afcb54f3a5f494befd1460b06a5ef09') in 0.013489 seconds 
========================================================================
Received Import Request.
  Time since last request: 0.000030 seconds.
  path: Assets/LEGO Data/Connectivity/6111.prefab
  artifactKey: Guid(51cdfb93ea598664a8a45baa0ad86a10) Importer(815301076,1909f56bfc062723c751e8b465ee728b)
Start importing Assets/LEGO Data/Connectivity/6111.prefab using Guid(51cdfb93ea598664a8a45baa0ad86a10) Importer(815301076,1909f56bfc062723c751e8b465ee728b)  -> (artifact id: 'c2f16e7ad1efad670f7ab168f89138e7') in 0.014215 seconds 
========================================================================
Received Import Request.
  Time since last request: 0.000026 seconds.
  path: Assets/LEGO Data/Connectivity/25269.prefab
  artifactKey: Guid(26607caced429554d80d232b51e2221b) Importer(815301076,1909f56bfc062723c751e8b465ee728b)
Start importing Assets/LEGO Data/Connectivity/25269.prefab using Guid(26607caced429554d80d232b51e2221b) Importer(815301076,1909f56bfc062723c751e8b465ee728b)  -> (artifact id: '2648023a5595ed241860449bf3067c8d') in 0.012990 seconds 
========================================================================
Received Import Request.
  Time since last request: 0.000017 seconds.
  path: Assets/LEGO Data/Connectivity/3024.prefab
  artifactKey: Guid(cd9f4fe7306339f40a76231033b7955f) Importer(815301076,1909f56bfc062723c751e8b465ee728b)
Start importing Assets/LEGO Data/Connectivity/3024.prefab using Guid(cd9f4fe7306339f40a76231033b7955f) Importer(815301076,1909f56bfc062723c751e8b465ee728b)  -> (artifact id: '584a303ba4567d96f0e19c081e350944') in 0.013357 seconds 
========================================================================
Received Import Request.
  Time since last request: 0.000022 seconds.
  path: Assets/LEGO Data/Connectivity/3678.prefab
  artifactKey: Guid(61089fb2b6b385147bc3c2babf86b851) Importer(815301076,1909f56bfc062723c751e8b465ee728b)
Start importing Assets/LEGO Data/Connectivity/3678.prefab using Guid(61089fb2b6b385147bc3c2babf86b851) Importer(815301076,1909f56bfc062723c751e8b465ee728b)  -> (artifact id: 'faf303b438af15c5a05a655d0f28cde3') in 0.012437 seconds 
========================================================================
Received Import Request.
  Time since last request: 1.351659 seconds.
  path: Assets/LEGO Data/Colliders/2420.prefab
  artifactKey: Guid(2f9ea8f410490e348910fae09bcd5de8) Importer(815301076,1909f56bfc062723c751e8b465ee728b)
Start importing Assets/LEGO Data/Colliders/2420.prefab using Guid(2f9ea8f410490e348910fae09bcd5de8) Importer(815301076,1909f56bfc062723c751e8b465ee728b)  -> (artifact id: '8934fedecfb3160f051d83c7ec24a595') in 0.006843 seconds 
========================================================================
Received Import Request.
  Time since last request: 0.000023 seconds.
  path: Assets/LEGO Data/Colliders/3003.prefab
  artifactKey: Guid(8f494e0481057db4092a3d3c4306f37f) Importer(815301076,1909f56bfc062723c751e8b465ee728b)
Start importing Assets/LEGO Data/Colliders/3003.prefab using Guid(8f494e0481057db4092a3d3c4306f37f) Importer(815301076,1909f56bfc062723c751e8b465ee728b)  -> (artifact id: '98fce4bd84a44d66a50d5bbcd3fa7df2') in 0.008859 seconds 
========================================================================
Received Import Request.
  Time since last request: 0.000022 seconds.
  path: Assets/LEGO Data/Colliders/3622.prefab
  artifactKey: Guid(39529bc42c7e97746befe0b35e440435) Importer(815301076,1909f56bfc062723c751e8b465ee728b)
Start importing Assets/LEGO Data/Colliders/3622.prefab using Guid(39529bc42c7e97746befe0b35e440435) Importer(815301076,1909f56bfc062723c751e8b465ee728b)  -> (artifact id: '82057e0e151c2d789f6263b443da5c8f') in 0.008600 seconds 
========================================================================
Received Import Request.
  Time since last request: 0.000031 seconds.
  path: Assets/LEGO Data/Colliders/32802.prefab
  artifactKey: Guid(d53a3a4d372081e45b1a6f8caea4e141) Importer(815301076,1909f56bfc062723c751e8b465ee728b)
Start importing Assets/LEGO Data/Colliders/32802.prefab using Guid(d53a3a4d372081e45b1a6f8caea4e141) Importer(815301076,1909f56bfc062723c751e8b465ee728b)  -> (artifact id: '7e19d8f1cf9f34014f5c7b2daf932cf2') in 0.009007 seconds 
========================================================================
Received Import Request.
  Time since last request: 0.000053 seconds.
  path: Assets/LEGO Data/Colliders/3815.prefab
  artifactKey: Guid(7fc4a124eee0b03418f2d5c457296c50) Importer(815301076,1909f56bfc062723c751e8b465ee728b)
Start importing Assets/LEGO Data/Colliders/3815.prefab using Guid(7fc4a124eee0b03418f2d5c457296c50) Importer(815301076,1909f56bfc062723c751e8b465ee728b)  -> (artifact id: 'b4d39fdf7b4ef14d473a16c84a415725') in 0.008386 seconds 
========================================================================
Received Import Request.
  Time since last request: 0.000033 seconds.
  path: Assets/LEGO Data/Colliders/2449.prefab
  artifactKey: Guid(72bb7a706c04e9647abcaa891ebf7ca9) Importer(815301076,1909f56bfc062723c751e8b465ee728b)
Start importing Assets/LEGO Data/Colliders/2449.prefab using Guid(72bb7a706c04e9647abcaa891ebf7ca9) Importer(815301076,1909f56bfc062723c751e8b465ee728b)  -> (artifact id: 'edc983dfd29868f636396d2a9c837ac8') in 0.007504 seconds 
========================================================================
Received Import Request.
  Time since last request: 0.000051 seconds.
  path: Assets/LEGO Data/Colliders/4477.prefab
  artifactKey: Guid(9dc71e7545254624f915c79a0f9666a7) Importer(815301076,1909f56bfc062723c751e8b465ee728b)
Start importing Assets/LEGO Data/Colliders/4477.prefab using Guid(9dc71e7545254624f915c79a0f9666a7) Importer(815301076,1909f56bfc062723c751e8b465ee728b)  -> (artifact id: '9f0d3ac750662df3186a1c0d34232bff') in 0.008407 seconds 
========================================================================
Received Import Request.
  Time since last request: 0.000018 seconds.
  path: Assets/LEGO Data/Colliders/27263.prefab
  artifactKey: Guid(69828481d5b9dd1408f20e7f2cda470a) Importer(815301076,1909f56bfc062723c751e8b465ee728b)
Start importing Assets/LEGO Data/Colliders/27263.prefab using Guid(69828481d5b9dd1408f20e7f2cda470a) Importer(815301076,1909f56bfc062723c751e8b465ee728b)  -> (artifact id: '48272fccc602ec700a6fb42ba2cd6c48') in 0.006717 seconds 
========================================================================
Received Import Request.
  Time since last request: 0.000030 seconds.
  path: Assets/LEGO Data/Colliders/3004.prefab
  artifactKey: Guid(9cbf3d896a74ae343a638ad76546666d) Importer(815301076,1909f56bfc062723c751e8b465ee728b)
Start importing Assets/LEGO Data/Colliders/3004.prefab using Guid(9cbf3d896a74ae343a638ad76546666d) Importer(815301076,1909f56bfc062723c751e8b465ee728b)  -> (artifact id: '572b6c493b4788517ad54fb5998843ea') in 0.007450 seconds 
========================================================================
Received Import Request.
  Time since last request: 0.000036 seconds.
  path: Assets/LEGO Data/Colliders/14716.prefab
  artifactKey: Guid(81e367a1c3ffdbd4fb020414649e17a7) Importer(815301076,1909f56bfc062723c751e8b465ee728b)
Start importing Assets/LEGO Data/Colliders/14716.prefab using Guid(81e367a1c3ffdbd4fb020414649e17a7) Importer(815301076,1909f56bfc062723c751e8b465ee728b)  -> (artifact id: '6864c42ecb7fd1bc4c9acf43e4372ed4') in 0.007761 seconds 
========================================================================
Received Import Request.
  Time since last request: 0.000030 seconds.
  path: Assets/LEGO Data/Colliders/3665.prefab
  artifactKey: Guid(8932f6eaddd3fb447a9027b15ff0a1dc) Importer(815301076,1909f56bfc062723c751e8b465ee728b)
Start importing Assets/LEGO Data/Colliders/3665.prefab using Guid(8932f6eaddd3fb447a9027b15ff0a1dc) Importer(815301076,1909f56bfc062723c751e8b465ee728b)  -> (artifact id: 'b819342e60a6df270fb12a060c6a2d67') in 0.008995 seconds 
========================================================================
Received Import Request.
  Time since last request: 0.000024 seconds.
  path: Assets/LEGO Data/Colliders/3820.prefab
  artifactKey: Guid(b47e2d20978395941a7c676de1e73152) Importer(815301076,1909f56bfc062723c751e8b465ee728b)
Start importing Assets/LEGO Data/Colliders/3820.prefab using Guid(b47e2d20978395941a7c676de1e73152) Importer(815301076,1909f56bfc062723c751e8b465ee728b)  -> (artifact id: '8aa06b6785ed5819850b815b47404adb') in 0.007630 seconds 
========================================================================
Received Import Request.
  Time since last request: 0.000029 seconds.
  path: Assets/LEGO Data/Colliders/3710.prefab
  artifactKey: Guid(b8fdc528942537e4687b750f04b50cd5) Importer(815301076,1909f56bfc062723c751e8b465ee728b)
Start importing Assets/LEGO Data/Colliders/3710.prefab using Guid(b8fdc528942537e4687b750f04b50cd5) Importer(815301076,1909f56bfc062723c751e8b465ee728b)  -> (artifact id: '8565360b1f75e83d84abf6a7d2ef1013') in 0.008948 seconds 
========================================================================
Received Import Request.
  Time since last request: 0.000022 seconds.
  path: Assets/LEGO Data/Colliders/30357.prefab
  artifactKey: Guid(761bcd4ebc70d2147b5cce47160aa4c4) Importer(815301076,1909f56bfc062723c751e8b465ee728b)
Start importing Assets/LEGO Data/Colliders/30357.prefab using Guid(761bcd4ebc70d2147b5cce47160aa4c4) Importer(815301076,1909f56bfc062723c751e8b465ee728b)  -> (artifact id: 'f58adbc4a7d7502e64f2edc95fc843ce') in 0.008750 seconds 
========================================================================
Received Import Request.
  Time since last request: 0.000030 seconds.
  path: Assets/LEGO Data/Colliders/3819.prefab
  artifactKey: Guid(e1cb39303812282488edd2b0ad64c962) Importer(815301076,1909f56bfc062723c751e8b465ee728b)
Start importing Assets/LEGO Data/Colliders/3819.prefab using Guid(e1cb39303812282488edd2b0ad64c962) Importer(815301076,1909f56bfc062723c751e8b465ee728b)  -> (artifact id: 'edede6346c8828696b4ea570b5a67f8b') in 0.008913 seconds 
========================================================================
Received Import Request.
  Time since last request: 0.000029 seconds.
  path: Assets/LEGO Data/Colliders/25214.prefab
  artifactKey: Guid(e935a437293e626438d17e10dd5c4d70) Importer(815301076,1909f56bfc062723c751e8b465ee728b)
Start importing Assets/LEGO Data/Colliders/25214.prefab using Guid(e935a437293e626438d17e10dd5c4d70) Importer(815301076,1909f56bfc062723c751e8b465ee728b)  -> (artifact id: 'f7d73d2236935e5afe587114e91e8d9c') in 0.006672 seconds 
========================================================================
Received Import Request.
  Time since last request: 0.000023 seconds.
  path: Assets/LEGO Data/Colliders/2450.prefab
  artifactKey: Guid(ddff944c4ff5e0a43a1cb4979428b3f6) Importer(815301076,1909f56bfc062723c751e8b465ee728b)
Start importing Assets/LEGO Data/Colliders/2450.prefab using Guid(ddff944c4ff5e0a43a1cb4979428b3f6) Importer(815301076,1909f56bfc062723c751e8b465ee728b)  -> (artifact id: 'ba8066c8cd18803d5722fe4101a9666f') in 0.006343 seconds 
========================================================================
Received Import Request.
  Time since last request: 0.000037 seconds.
  path: Assets/LEGO Data/Colliders/11212.prefab
  artifactKey: Guid(633bae3244cfd5f4682d8ac076691a45) Importer(815301076,1909f56bfc062723c751e8b465ee728b)
Start importing Assets/LEGO Data/Colliders/11212.prefab using Guid(633bae3244cfd5f4682d8ac076691a45) Importer(815301076,1909f56bfc062723c751e8b465ee728b)  -> (artifact id: 'e7a80cd39007a224e1b21fe06eb39333') in 0.006300 seconds 
========================================================================
Received Import Request.
  Time since last request: 0.000023 seconds.
  path: Assets/LEGO Data/Colliders/18674.prefab
  artifactKey: Guid(55875519c619f324386484894e3ad1c0) Importer(815301076,1909f56bfc062723c751e8b465ee728b)
Start importing Assets/LEGO Data/Colliders/18674.prefab using Guid(55875519c619f324386484894e3ad1c0) Importer(815301076,1909f56bfc062723c751e8b465ee728b)  -> (artifact id: '37cc222e6cbcb36ade235549a84a3f57') in 0.006476 seconds 
========================================================================
Received Import Request.
  Time since last request: 0.000026 seconds.
  path: Assets/LEGO Data/Colliders/3062.prefab
  artifactKey: Guid(67c965b3faaf93c48bd0b7790f9bd657) Importer(815301076,1909f56bfc062723c751e8b465ee728b)
Start importing Assets/LEGO Data/Colliders/3062.prefab using Guid(67c965b3faaf93c48bd0b7790f9bd657) Importer(815301076,1909f56bfc062723c751e8b465ee728b)  -> (artifact id: 'b8060321a7f26c3e857e9d2f54907b7a') in 0.006159 seconds 
========================================================================
Received Import Request.
  Time since last request: 0.000022 seconds.
  path: Assets/LEGO Data/Colliders/4081.prefab
  artifactKey: Guid(c15b823ae7aa1e344b41dfcd8b27894a) Importer(815301076,1909f56bfc062723c751e8b465ee728b)
Start importing Assets/LEGO Data/Colliders/4081.prefab using Guid(c15b823ae7aa1e344b41dfcd8b27894a) Importer(815301076,1909f56bfc062723c751e8b465ee728b)  -> (artifact id: '030f8a249fa1426b7f4476383c2d225c') in 0.007744 seconds 
========================================================================
Received Import Request.
  Time since last request: 0.000022 seconds.
  path: Assets/LEGO Data/Colliders/3685.prefab
  artifactKey: Guid(e407d7475545c0345b9af439157119f3) Importer(815301076,1909f56bfc062723c751e8b465ee728b)
Start importing Assets/LEGO Data/Colliders/3685.prefab using Guid(e407d7475545c0345b9af439157119f3) Importer(815301076,1909f56bfc062723c751e8b465ee728b)  -> (artifact id: '581ad6df2f4dd7fca8b1945db967d854') in 0.006000 seconds 
========================================================================
Received Import Request.
  Time since last request: 0.000025 seconds.
  path: Assets/LEGO Data/Colliders/4162.prefab
  artifactKey: Guid(0ef28942170b56e409acd09a9c5641ec) Importer(815301076,1909f56bfc062723c751e8b465ee728b)
Start importing Assets/LEGO Data/Colliders/4162.prefab using Guid(0ef28942170b56e409acd09a9c5641ec) Importer(815301076,1909f56bfc062723c751e8b465ee728b)  -> (artifact id: 'f1e2123d3e57893754fc49f32ceab1f6') in 0.014117 seconds 
========================================================================
Received Import Request.
  Time since last request: 0.000041 seconds.
  path: Assets/LEGO Data/Colliders/3747.prefab
  artifactKey: Guid(de9ae36fb1962a442b3774c5b2216965) Importer(815301076,1909f56bfc062723c751e8b465ee728b)
Start importing Assets/LEGO Data/Colliders/3747.prefab using Guid(de9ae36fb1962a442b3774c5b2216965) Importer(815301076,1909f56bfc062723c751e8b465ee728b)  -> (artifact id: '691d65d997f1218fa86ecbbc4458fd82') in 0.006211 seconds 
========================================================================
Received Import Request.
  Time since last request: 0.000021 seconds.
  path: Assets/LEGO Data/Colliders/3666.prefab
  artifactKey: Guid(54cfdec21884df849b393615b4de692c) Importer(815301076,1909f56bfc062723c751e8b465ee728b)
Start importing Assets/LEGO Data/Colliders/3666.prefab using Guid(54cfdec21884df849b393615b4de692c) Importer(815301076,1909f56bfc062723c751e8b465ee728b)  -> (artifact id: '0931034d41a69a059d7003b385b15387') in 0.006798 seconds 
========================================================================
Received Import Request.
  Time since last request: 0.000019 seconds.
  path: Assets/LEGO Data/Colliders/3021.prefab
  artifactKey: Guid(5299c93f8a95fcb419a84023244eb82f) Importer(815301076,1909f56bfc062723c751e8b465ee728b)
Start importing Assets/LEGO Data/Colliders/3021.prefab using Guid(5299c93f8a95fcb419a84023244eb82f) Importer(815301076,1909f56bfc062723c751e8b465ee728b)  -> (artifact id: 'e8a20054ac76d93db01c2023dc0455a8') in 0.006704 seconds 
Editor requested this worker to shutdown with reason: Scaling down because of idle timeout
AssetImportWorker is now disconnected from the server
Process exiting
Exiting without the bug reporter. Application will terminate with return code 0